#
# There is insufficient memory for the Java Runtime Environment to continue.
# Native memory allocation (malloc) failed to allocate 1370736 bytes for Chunk::new
# Possible reasons:
#   The system is out of physical RAM or swap space
#   The process is running with CompressedOops enabled, and the Java Heap may be blocking the growth of the native heap
# Possible solutions:
#   Reduce memory load on the system
#   Increase physical memory or swap space
#   Check if swap backing store is full
#   Decrease Java heap size (-Xmx/-Xms)
#   Decrease number of Java threads
#   Decrease Java thread stack sizes (-Xss)
#   Set larger code cache with -XX:ReservedCodeCacheSize=
#   JVM is running with Unscaled Compressed Oops mode in which the Java heap is
#     placed in the first 4GB address space. The Java Heap base address is the
#     maximum limit for the native heap growth. Please use -XX:HeapBaseMinAddress
#     to set the Java Heap base and to place the Java Heap above 4GB virtual address.
# This output file may be truncated or incomplete.
#
#  Out of Memory Error (./src/hotspot/share/memory/arena.cpp:197), pid=22504, tid=13492
#
# JRE version: OpenJDK Runtime Environment (11.0.8+10) (build 11.0.8+10-b944.6842174)
# Java VM: OpenJDK 64-Bit Server VM (11.0.8+10-b944.6842174, mixed mode, tiered, compressed oops, g1 gc, windows-amd64)
# No core dump will be written. Minidumps are not enabled by default on client versions of Windows
#

---------------  S U M M A R Y ------------

Command Line: --add-opens=java.base/java.util=ALL-UNNAMED --add-opens=java.base/java.lang=ALL-UNNAMED --add-opens=java.base/java.lang.invoke=ALL-UNNAMED --add-opens=java.prefs/java.util.prefs=ALL-UNNAMED -Xmx2048m -Dfile.encoding=UTF-8 -Duser.country=RU -Duser.language=ru -Duser.variant org.gradle.launcher.daemon.bootstrap.GradleDaemon 6.7.1

Host: Intel(R) Core(TM) i5-8250U CPU @ 1.60GHz, 8 cores, 15G,  Windows 10 , 64 bit Build 19041 (10.0.19041.1348)
Time: Wed Dec 22 13:21:57 2021 Финляндия (зима) elapsed time: 4 seconds (0d 0h 0m 4s)

---------------  T H R E A D  ---------------

Current thread (0x000001a2c71ee800):  JavaThread "C2 CompilerThread1" daemon [_thread_in_native, id=13492, stack(0x0000003d26800000,0x0000003d26900000)]


Current CompileTask:
C2:   4162 2684   !   4       java.net.URL::<init> (543 bytes)

Stack: [0x0000003d26800000,0x0000003d26900000]
Native frames: (J=compiled Java code, j=interpreted, Vv=VM code, C=native code)
V  [jvm.dll+0x5de50a]
V  [jvm.dll+0x7122f5]
V  [jvm.dll+0x71384d]
V  [jvm.dll+0x713f03]
V  [jvm.dll+0x23e728]
V  [jvm.dll+0xb899c]
V  [jvm.dll+0xb8e9c]
V  [jvm.dll+0x35020b]
V  [jvm.dll+0x31dea3]
V  [jvm.dll+0x31d39a]
V  [jvm.dll+0x1f7702]
V  [jvm.dll+0x1f68d4]
V  [jvm.dll+0x17f32c]
V  [jvm.dll+0x205047]
V  [jvm.dll+0x203891]
V  [jvm.dll+0x6dad3f]
V  [jvm.dll+0x6d3895]
V  [jvm.dll+0x5dd4a6]
C  [ucrtbase.dll+0x21bb2]
C  [KERNEL32.DLL+0x17034]
C  [ntdll.dll+0x52651]


---------------  P R O C E S S  ---------------

Threads class SMR info:
_java_thread_list=0x000001a2c78ce3e0, length=32, elements={
0x000001a2a80dd800, 0x000001a2c4c23000, 0x000001a2c4c25800, 0x000001a2c4c46000,
0x000001a2c4c47000, 0x000001a2c4c49000, 0x000001a2c4c8f800, 0x000001a2c4c90000,
0x000001a2c4e0f000, 0x000001a2c4e30800, 0x000001a2c7ca0800, 0x000001a2c4eff000,
0x000001a2c7947000, 0x000001a2c589d000, 0x000001a2c73c8800, 0x000001a2c71ee800,
0x000001a2c7942000, 0x000001a2c62f9000, 0x000001a2c70be800, 0x000001a2c70bf800,
0x000001a2c708a000, 0x000001a2c66c7800, 0x000001a2c66c6000, 0x000001a2c66c7000,
0x000001a2c66cb000, 0x000001a2c66c9800, 0x000001a2c66c8800, 0x000001a2c66ca000,
0x000001a2c62de000, 0x000001a2c66cb800, 0x000001a2c66cc800, 0x000001a2ca5dd000
}

Java Threads: ( => current thread )
  0x000001a2a80dd800 JavaThread "main" [_thread_blocked, id=17956, stack(0x0000003d24b00000,0x0000003d24c00000)]
  0x000001a2c4c23000 JavaThread "Reference Handler" daemon [_thread_blocked, id=11640, stack(0x0000003d25200000,0x0000003d25300000)]
  0x000001a2c4c25800 JavaThread "Finalizer" daemon [_thread_blocked, id=24844, stack(0x0000003d25300000,0x0000003d25400000)]
  0x000001a2c4c46000 JavaThread "Signal Dispatcher" daemon [_thread_blocked, id=22496, stack(0x0000003d25400000,0x0000003d25500000)]
  0x000001a2c4c47000 JavaThread "Attach Listener" daemon [_thread_blocked, id=26824, stack(0x0000003d25500000,0x0000003d25600000)]
  0x000001a2c4c49000 JavaThread "C2 CompilerThread0" daemon [_thread_in_native, id=24748, stack(0x0000003d25600000,0x0000003d25700000)]
  0x000001a2c4c8f800 JavaThread "C1 CompilerThread0" daemon [_thread_in_native, id=3744, stack(0x0000003d25700000,0x0000003d25800000)]
  0x000001a2c4c90000 JavaThread "Sweeper thread" daemon [_thread_blocked, id=23844, stack(0x0000003d25800000,0x0000003d25900000)]
  0x000001a2c4e0f000 JavaThread "Common-Cleaner" daemon [_thread_blocked, id=8100, stack(0x0000003d25900000,0x0000003d25a00000)]
  0x000001a2c4e30800 JavaThread "Service Thread" daemon [_thread_blocked, id=20456, stack(0x0000003d25a00000,0x0000003d25b00000)]
  0x000001a2c7ca0800 JavaThread "Daemon health stats" [_thread_blocked, id=14828, stack(0x0000003d26300000,0x0000003d26400000)]
  0x000001a2c4eff000 JavaThread "Incoming local TCP Connector on port 62593" [_thread_in_native, id=16412, stack(0x0000003d26400000,0x0000003d26500000)]
  0x000001a2c7947000 JavaThread "Daemon periodic checks" [_thread_blocked, id=23140, stack(0x0000003d26500000,0x0000003d26600000)]
  0x000001a2c589d000 JavaThread "Daemon" [_thread_blocked, id=28464, stack(0x0000003d26600000,0x0000003d26700000)]
  0x000001a2c73c8800 JavaThread "Handler for socket connection from /127.0.0.1:62593 to /127.0.0.1:62594" [_thread_in_native, id=28112, stack(0x0000003d26700000,0x0000003d26800000)]
=>0x000001a2c71ee800 JavaThread "C2 CompilerThread1" daemon [_thread_in_native, id=13492, stack(0x0000003d26800000,0x0000003d26900000)]
  0x000001a2c7942000 JavaThread "Cancel handler" [_thread_blocked, id=7656, stack(0x0000003d26900000,0x0000003d26a00000)]
  0x000001a2c62f9000 JavaThread "Daemon worker" [_thread_in_Java, id=24656, stack(0x0000003d26a00000,0x0000003d26b00000)]
  0x000001a2c70be800 JavaThread "Asynchronous log dispatcher for DefaultDaemonConnection: socket connection from /127.0.0.1:62593 to /127.0.0.1:62594" [_thread_blocked, id=15620, stack(0x0000003d26b00000,0x0000003d26c00000)]
  0x000001a2c70bf800 JavaThread "Stdin handler" [_thread_blocked, id=26552, stack(0x0000003d26c00000,0x0000003d26d00000)]
  0x000001a2c708a000 JavaThread "Thread-8" [_thread_blocked, id=4992, stack(0x0000003d26d00000,0x0000003d26e00000)]
  0x000001a2c66c7800 JavaThread "Cache worker for file hash cache (C:\Users\kosmo\.gradle\caches\6.7.1\fileHashes)" [_thread_blocked, id=25380, stack(0x0000003d26e00000,0x0000003d26f00000)]
  0x000001a2c66c6000 JavaThread "File lock request listener" [_thread_in_native, id=28008, stack(0x0000003d26f00000,0x0000003d27000000)]
  0x000001a2c66c7000 JavaThread "Cache worker for journal cache (C:\Users\kosmo\.gradle\caches\journal-1)" [_thread_blocked, id=28524, stack(0x0000003d27300000,0x0000003d27400000)]
  0x000001a2c66cb000 JavaThread "Cache worker for file hash cache (D:\AndroidLabs\Lab4\.gradle\6.7.1\fileHashes)" [_thread_blocked, id=16436, stack(0x0000003d27400000,0x0000003d27500000)]
  0x000001a2c66c9800 JavaThread "Cache worker for checksums cache (D:\AndroidLabs\Lab4\.gradle\checksums)" [_thread_blocked, id=22004, stack(0x0000003d27500000,0x0000003d27600000)]
  0x000001a2c66c8800 JavaThread "Cache worker for cache directory md-supplier (C:\Users\kosmo\.gradle\caches\6.7.1\md-supplier)" [_thread_blocked, id=8732, stack(0x0000003d27600000,0x0000003d27700000)]
  0x000001a2c66ca000 JavaThread "Cache worker for cache directory md-rule (C:\Users\kosmo\.gradle\caches\6.7.1\md-rule)" [_thread_blocked, id=27404, stack(0x0000003d27700000,0x0000003d27800000)]
  0x000001a2c62de000 JavaThread "C2 CompilerThread2" daemon [_thread_in_native, id=22624, stack(0x0000003d27800000,0x0000003d27900000)]
  0x000001a2c66cb800 JavaThread "Cache worker for execution history cache (C:\Users\kosmo\.gradle\caches\6.7.1\executionHistory)" [_thread_blocked, id=27684, stack(0x0000003d27900000,0x0000003d27a00000)]
  0x000001a2c66cc800 JavaThread "jar transforms" [_thread_blocked, id=20024, stack(0x0000003d27a00000,0x0000003d27b00000)]
  0x000001a2ca5dd000 JavaThread "Cache worker for file content cache (C:\Users\kosmo\.gradle\caches\6.7.1\fileContent)" [_thread_blocked, id=19504, stack(0x0000003d27b00000,0x0000003d27c00000)]

Other Threads:
  0x000001a2c4c1d000 VMThread "VM Thread" [stack: 0x0000003d25100000,0x0000003d25200000] [id=16008]
  0x000001a2c4e32800 WatcherThread [stack: 0x0000003d25b00000,0x0000003d25c00000] [id=13440]
  0x000001a2a80f6000 GCTaskThread "GC Thread#0" [stack: 0x0000003d24c00000,0x0000003d24d00000] [id=22084]
  0x000001a2c596e000 GCTaskThread "GC Thread#1" [stack: 0x0000003d25e00000,0x0000003d25f00000] [id=22240]
  0x000001a2c5962800 GCTaskThread "GC Thread#2" [stack: 0x0000003d25f00000,0x0000003d26000000] [id=26088]
  0x000001a2c5963000 GCTaskThread "GC Thread#3" [stack: 0x0000003d26000000,0x0000003d26100000] [id=21672]
  0x000001a2c599c000 GCTaskThread "GC Thread#4" [stack: 0x0000003d26100000,0x0000003d26200000] [id=9632]
  0x000001a2c599c800 GCTaskThread "GC Thread#5" [stack: 0x0000003d26200000,0x0000003d26300000] [id=20192]
  0x000001a2c721d800 GCTaskThread "GC Thread#6" [stack: 0x0000003d27000000,0x0000003d27100000] [id=16740]
  0x000001a2c5e34000 GCTaskThread "GC Thread#7" [stack: 0x0000003d27100000,0x0000003d27200000] [id=14360]
  0x000001a2a8127000 ConcurrentGCThread "G1 Main Marker" [stack: 0x0000003d24d00000,0x0000003d24e00000] [id=25648]
  0x000001a2a8129800 ConcurrentGCThread "G1 Conc#0" [stack: 0x0000003d24e00000,0x0000003d24f00000] [id=26724]
  0x000001a2c5d5a000 ConcurrentGCThread "G1 Conc#1" [stack: 0x0000003d27200000,0x0000003d27300000] [id=12944]
  0x000001a2a81be000 ConcurrentGCThread "G1 Refine#0" [stack: 0x0000003d24f00000,0x0000003d25000000] [id=22564]
  0x000001a2c426a800 ConcurrentGCThread "G1 Young RemSet Sampling" [stack: 0x0000003d25000000,0x0000003d25100000] [id=20444]

Threads with active compile tasks:
C2 CompilerThread0   4195 2787       4       java.util.AbstractCollection::addAll (42 bytes)
C1 CompilerThread0   4195 2861   !   3       java.io.ObjectOutputStream::writeObject0 (619 bytes)
C2 CompilerThread1   4195 2684   !   4       java.net.URL::<init> (543 bytes)
C2 CompilerThread2   4195 2834       4       org.gradle.internal.logging.text.AbstractLineChoppingStyledTextOutput::doAppend (43 bytes)

VM state:not at safepoint (normal execution)

VM Mutex/Monitor currently owned by a thread: None

OutOfMemory and StackOverflow Exception counts:
OutOfMemoryError java_heap_errors=2
LinkageErrors=52

Heap address: 0x0000000080000000, size: 2048 MB, Compressed Oops mode: 32-bit
Narrow klass base: 0x0000000000000000, Narrow klass shift: 3
Compressed class space size: 1073741824 Address: 0x0000000100000000

Heap:
 garbage-first heap   total 262144K, used 32853K [0x0000000080000000, 0x0000000100000000)
  region size 1024K, 16 young (16384K), 6 survivors (6144K)
 Metaspace       used 35775K, capacity 36663K, committed 36812K, reserved 1087488K
  class space    used 4652K, capacity 4978K, committed 5068K, reserved 1048576K
Heap Regions: E=young(eden), S=young(survivor), O=old, HS=humongous(starts), HC=humongous(continues), CS=collection set, F=free, A=archive, TAMS=top-at-mark-start (previous, next)
|   0|0x0000000080000000, 0x0000000080100000, 0x0000000080100000|100%| O|  |TAMS 0x0000000080100000, 0x0000000080000000| Untracked 
|   1|0x0000000080100000, 0x0000000080200000, 0x0000000080200000|100%| O|  |TAMS 0x0000000080200000, 0x0000000080100000| Untracked 
|   2|0x0000000080200000, 0x0000000080300000, 0x0000000080300000|100%| O|  |TAMS 0x0000000080300000, 0x0000000080200000| Untracked 
|   3|0x0000000080300000, 0x0000000080400000, 0x0000000080400000|100%|HS|  |TAMS 0x0000000080400000, 0x0000000080300000| Complete 
|   4|0x0000000080400000, 0x0000000080500000, 0x0000000080500000|100%|HC|  |TAMS 0x0000000080500000, 0x0000000080400000| Complete 
|   5|0x0000000080500000, 0x0000000080600000, 0x0000000080600000|100%|HC|  |TAMS 0x0000000080600000, 0x0000000080500000| Complete 
|   6|0x0000000080600000, 0x0000000080700000, 0x0000000080700000|100%| O|  |TAMS 0x0000000080700000, 0x0000000080600000| Untracked 
|   7|0x0000000080700000, 0x0000000080800000, 0x0000000080800000|100%| O|  |TAMS 0x0000000080800000, 0x0000000080700000| Untracked 
|   8|0x0000000080800000, 0x0000000080900000, 0x0000000080900000|100%| O|  |TAMS 0x0000000080900000, 0x0000000080800000| Untracked 
|   9|0x0000000080900000, 0x0000000080a00000, 0x0000000080a00000|100%| O|  |TAMS 0x0000000080a00000, 0x0000000080900000| Untracked 
|  10|0x0000000080a00000, 0x0000000080b00000, 0x0000000080b00000|100%| O|  |TAMS 0x0000000080b00000, 0x0000000080a00000| Untracked 
|  11|0x0000000080b00000, 0x0000000080c00000, 0x0000000080c00000|100%| O|  |TAMS 0x0000000080c00000, 0x0000000080b00000| Untracked 
|  12|0x0000000080c00000, 0x0000000080d00000, 0x0000000080d00000|100%| O|  |TAMS 0x0000000080d00000, 0x0000000080c00000| Untracked 
|  13|0x0000000080d00000, 0x0000000080e00000, 0x0000000080e00000|100%| O|  |TAMS 0x0000000080e00000, 0x0000000080d00000| Untracked 
|  14|0x0000000080e00000, 0x0000000080f00000, 0x0000000080f00000|100%| O|  |TAMS 0x0000000080f00000, 0x0000000080e00000| Untracked 
|  15|0x0000000080f00000, 0x0000000080fc1c00, 0x0000000081000000| 75%| O|  |TAMS 0x0000000080fc1c00, 0x0000000080f00000| Untracked 
|  16|0x0000000081000000, 0x0000000081100000, 0x0000000081100000|100%|HS|  |TAMS 0x0000000081000000, 0x0000000081000000| Complete 
|  17|0x0000000081100000, 0x0000000081200000, 0x0000000081200000|100%|HS|  |TAMS 0x0000000081100000, 0x0000000081100000| Complete 
|  18|0x0000000081200000, 0x0000000081300000, 0x0000000081300000|100%|HC|  |TAMS 0x0000000081200000, 0x0000000081200000| Complete 
|  19|0x0000000081300000, 0x0000000081300000, 0x0000000081400000|  0%| F|  |TAMS 0x0000000081300000, 0x0000000081300000| Untracked 
|  20|0x0000000081400000, 0x0000000081400000, 0x0000000081500000|  0%| F|  |TAMS 0x0000000081400000, 0x0000000081400000| Untracked 
|  21|0x0000000081500000, 0x0000000081500000, 0x0000000081600000|  0%| F|  |TAMS 0x0000000081500000, 0x0000000081500000| Untracked 
|  22|0x0000000081600000, 0x0000000081600000, 0x0000000081700000|  0%| F|  |TAMS 0x0000000081600000, 0x0000000081600000| Untracked 
|  23|0x0000000081700000, 0x0000000081700000, 0x0000000081800000|  0%| F|  |TAMS 0x0000000081700000, 0x0000000081700000| Untracked 
|  24|0x0000000081800000, 0x0000000081800000, 0x0000000081900000|  0%| F|  |TAMS 0x0000000081800000, 0x0000000081800000| Untracked 
|  25|0x0000000081900000, 0x0000000081900000, 0x0000000081a00000|  0%| F|  |TAMS 0x0000000081900000, 0x0000000081900000| Untracked 
|  26|0x0000000081a00000, 0x0000000081a00000, 0x0000000081b00000|  0%| F|  |TAMS 0x0000000081a00000, 0x0000000081a00000| Untracked 
|  27|0x0000000081b00000, 0x0000000081b00000, 0x0000000081c00000|  0%| F|  |TAMS 0x0000000081b00000, 0x0000000081b00000| Untracked 
|  28|0x0000000081c00000, 0x0000000081c00000, 0x0000000081d00000|  0%| F|  |TAMS 0x0000000081c00000, 0x0000000081c00000| Untracked 
|  29|0x0000000081d00000, 0x0000000081d00000, 0x0000000081e00000|  0%| F|  |TAMS 0x0000000081d00000, 0x0000000081d00000| Untracked 
|  30|0x0000000081e00000, 0x0000000081e00000, 0x0000000081f00000|  0%| F|  |TAMS 0x0000000081e00000, 0x0000000081e00000| Untracked 
|  31|0x0000000081f00000, 0x0000000081f00000, 0x0000000082000000|  0%| F|  |TAMS 0x0000000081f00000, 0x0000000081f00000| Untracked 
|  32|0x0000000082000000, 0x0000000082000000, 0x0000000082100000|  0%| F|  |TAMS 0x0000000082000000, 0x0000000082000000| Untracked 
|  33|0x0000000082100000, 0x0000000082100000, 0x0000000082200000|  0%| F|  |TAMS 0x0000000082100000, 0x0000000082100000| Untracked 
|  34|0x0000000082200000, 0x0000000082200000, 0x0000000082300000|  0%| F|  |TAMS 0x0000000082200000, 0x0000000082200000| Untracked 
|  35|0x0000000082300000, 0x0000000082300000, 0x0000000082400000|  0%| F|  |TAMS 0x0000000082300000, 0x0000000082300000| Untracked 
|  36|0x0000000082400000, 0x0000000082400000, 0x0000000082500000|  0%| F|  |TAMS 0x0000000082400000, 0x0000000082400000| Untracked 
|  37|0x0000000082500000, 0x0000000082500000, 0x0000000082600000|  0%| F|  |TAMS 0x0000000082500000, 0x0000000082500000| Untracked 
|  38|0x0000000082600000, 0x0000000082600000, 0x0000000082700000|  0%| F|  |TAMS 0x0000000082600000, 0x0000000082600000| Untracked 
|  39|0x0000000082700000, 0x0000000082700000, 0x0000000082800000|  0%| F|  |TAMS 0x0000000082700000, 0x0000000082700000| Untracked 
|  40|0x0000000082800000, 0x0000000082800000, 0x0000000082900000|  0%| F|  |TAMS 0x0000000082800000, 0x0000000082800000| Untracked 
|  41|0x0000000082900000, 0x0000000082900000, 0x0000000082a00000|  0%| F|  |TAMS 0x0000000082900000, 0x0000000082900000| Untracked 
|  42|0x0000000082a00000, 0x0000000082a00000, 0x0000000082b00000|  0%| F|  |TAMS 0x0000000082a00000, 0x0000000082a00000| Untracked 
|  43|0x0000000082b00000, 0x0000000082b00000, 0x0000000082c00000|  0%| F|  |TAMS 0x0000000082b00000, 0x0000000082b00000| Untracked 
|  44|0x0000000082c00000, 0x0000000082c00000, 0x0000000082d00000|  0%| F|  |TAMS 0x0000000082c00000, 0x0000000082c00000| Untracked 
|  45|0x0000000082d00000, 0x0000000082d00000, 0x0000000082e00000|  0%| F|  |TAMS 0x0000000082d00000, 0x0000000082d00000| Untracked 
|  46|0x0000000082e00000, 0x0000000082e00000, 0x0000000082f00000|  0%| F|  |TAMS 0x0000000082e00000, 0x0000000082e00000| Untracked 
|  47|0x0000000082f00000, 0x0000000082f00000, 0x0000000083000000|  0%| F|  |TAMS 0x0000000082f00000, 0x0000000082f00000| Untracked 
|  48|0x0000000083000000, 0x0000000083000000, 0x0000000083100000|  0%| F|  |TAMS 0x0000000083000000, 0x0000000083000000| Untracked 
|  49|0x0000000083100000, 0x0000000083100000, 0x0000000083200000|  0%| F|  |TAMS 0x0000000083100000, 0x0000000083100000| Untracked 
|  50|0x0000000083200000, 0x0000000083200000, 0x0000000083300000|  0%| F|  |TAMS 0x0000000083200000, 0x0000000083200000| Untracked 
|  51|0x0000000083300000, 0x0000000083300000, 0x0000000083400000|  0%| F|  |TAMS 0x0000000083300000, 0x0000000083300000| Untracked 
|  52|0x0000000083400000, 0x0000000083400000, 0x0000000083500000|  0%| F|  |TAMS 0x0000000083400000, 0x0000000083400000| Untracked 
|  53|0x0000000083500000, 0x0000000083500000, 0x0000000083600000|  0%| F|  |TAMS 0x0000000083500000, 0x0000000083500000| Untracked 
|  54|0x0000000083600000, 0x0000000083600000, 0x0000000083700000|  0%| F|  |TAMS 0x0000000083600000, 0x0000000083600000| Untracked 
|  55|0x0000000083700000, 0x0000000083700000, 0x0000000083800000|  0%| F|  |TAMS 0x0000000083700000, 0x0000000083700000| Untracked 
|  56|0x0000000083800000, 0x0000000083800000, 0x0000000083900000|  0%| F|  |TAMS 0x0000000083800000, 0x0000000083800000| Untracked 
|  57|0x0000000083900000, 0x0000000083900000, 0x0000000083a00000|  0%| F|  |TAMS 0x0000000083900000, 0x0000000083900000| Untracked 
|  58|0x0000000083a00000, 0x0000000083a00000, 0x0000000083b00000|  0%| F|  |TAMS 0x0000000083a00000, 0x0000000083a00000| Untracked 
|  59|0x0000000083b00000, 0x0000000083b00000, 0x0000000083c00000|  0%| F|  |TAMS 0x0000000083b00000, 0x0000000083b00000| Untracked 
|  60|0x0000000083c00000, 0x0000000083c00000, 0x0000000083d00000|  0%| F|  |TAMS 0x0000000083c00000, 0x0000000083c00000| Untracked 
|  61|0x0000000083d00000, 0x0000000083d00000, 0x0000000083e00000|  0%| F|  |TAMS 0x0000000083d00000, 0x0000000083d00000| Untracked 
|  62|0x0000000083e00000, 0x0000000083e00000, 0x0000000083f00000|  0%| F|  |TAMS 0x0000000083e00000, 0x0000000083e00000| Untracked 
|  63|0x0000000083f00000, 0x0000000083f00000, 0x0000000084000000|  0%| F|  |TAMS 0x0000000083f00000, 0x0000000083f00000| Untracked 
|  64|0x0000000084000000, 0x0000000084000000, 0x0000000084100000|  0%| F|  |TAMS 0x0000000084000000, 0x0000000084000000| Untracked 
|  65|0x0000000084100000, 0x0000000084100000, 0x0000000084200000|  0%| F|  |TAMS 0x0000000084100000, 0x0000000084100000| Untracked 
|  66|0x0000000084200000, 0x0000000084200000, 0x0000000084300000|  0%| F|  |TAMS 0x0000000084200000, 0x0000000084200000| Untracked 
|  67|0x0000000084300000, 0x0000000084300000, 0x0000000084400000|  0%| F|  |TAMS 0x0000000084300000, 0x0000000084300000| Untracked 
|  68|0x0000000084400000, 0x0000000084400000, 0x0000000084500000|  0%| F|  |TAMS 0x0000000084400000, 0x0000000084400000| Untracked 
|  69|0x0000000084500000, 0x0000000084500000, 0x0000000084600000|  0%| F|  |TAMS 0x0000000084500000, 0x0000000084500000| Untracked 
|  70|0x0000000084600000, 0x0000000084600000, 0x0000000084700000|  0%| F|  |TAMS 0x0000000084600000, 0x0000000084600000| Untracked 
|  71|0x0000000084700000, 0x0000000084700000, 0x0000000084800000|  0%| F|  |TAMS 0x0000000084700000, 0x0000000084700000| Untracked 
|  72|0x0000000084800000, 0x0000000084800000, 0x0000000084900000|  0%| F|  |TAMS 0x0000000084800000, 0x0000000084800000| Untracked 
|  73|0x0000000084900000, 0x0000000084900000, 0x0000000084a00000|  0%| F|  |TAMS 0x0000000084900000, 0x0000000084900000| Untracked 
|  74|0x0000000084a00000, 0x0000000084a00000, 0x0000000084b00000|  0%| F|  |TAMS 0x0000000084a00000, 0x0000000084a00000| Untracked 
|  75|0x0000000084b00000, 0x0000000084b00000, 0x0000000084c00000|  0%| F|  |TAMS 0x0000000084b00000, 0x0000000084b00000| Untracked 
|  76|0x0000000084c00000, 0x0000000084c00000, 0x0000000084d00000|  0%| F|  |TAMS 0x0000000084c00000, 0x0000000084c00000| Untracked 
|  77|0x0000000084d00000, 0x0000000084d00000, 0x0000000084e00000|  0%| F|  |TAMS 0x0000000084d00000, 0x0000000084d00000| Untracked 
|  78|0x0000000084e00000, 0x0000000084e00000, 0x0000000084f00000|  0%| F|  |TAMS 0x0000000084e00000, 0x0000000084e00000| Untracked 
|  79|0x0000000084f00000, 0x0000000084f00000, 0x0000000085000000|  0%| F|  |TAMS 0x0000000084f00000, 0x0000000084f00000| Untracked 
|  80|0x0000000085000000, 0x0000000085000000, 0x0000000085100000|  0%| F|  |TAMS 0x0000000085000000, 0x0000000085000000| Untracked 
|  81|0x0000000085100000, 0x0000000085100000, 0x0000000085200000|  0%| F|  |TAMS 0x0000000085100000, 0x0000000085100000| Untracked 
|  82|0x0000000085200000, 0x0000000085200000, 0x0000000085300000|  0%| F|  |TAMS 0x0000000085200000, 0x0000000085200000| Untracked 
|  83|0x0000000085300000, 0x0000000085300000, 0x0000000085400000|  0%| F|  |TAMS 0x0000000085300000, 0x0000000085300000| Untracked 
|  84|0x0000000085400000, 0x0000000085400000, 0x0000000085500000|  0%| F|  |TAMS 0x0000000085400000, 0x0000000085400000| Untracked 
|  85|0x0000000085500000, 0x0000000085500000, 0x0000000085600000|  0%| F|  |TAMS 0x0000000085500000, 0x0000000085500000| Untracked 
|  86|0x0000000085600000, 0x0000000085600000, 0x0000000085700000|  0%| F|  |TAMS 0x0000000085600000, 0x0000000085600000| Untracked 
|  87|0x0000000085700000, 0x0000000085700000, 0x0000000085800000|  0%| F|  |TAMS 0x0000000085700000, 0x0000000085700000| Untracked 
|  88|0x0000000085800000, 0x0000000085800000, 0x0000000085900000|  0%| F|  |TAMS 0x0000000085800000, 0x0000000085800000| Untracked 
|  89|0x0000000085900000, 0x0000000085900000, 0x0000000085a00000|  0%| F|  |TAMS 0x0000000085900000, 0x0000000085900000| Untracked 
|  90|0x0000000085a00000, 0x0000000085a00000, 0x0000000085b00000|  0%| F|  |TAMS 0x0000000085a00000, 0x0000000085a00000| Untracked 
|  91|0x0000000085b00000, 0x0000000085b00000, 0x0000000085c00000|  0%| F|  |TAMS 0x0000000085b00000, 0x0000000085b00000| Untracked 
|  92|0x0000000085c00000, 0x0000000085c00000, 0x0000000085d00000|  0%| F|  |TAMS 0x0000000085c00000, 0x0000000085c00000| Untracked 
|  93|0x0000000085d00000, 0x0000000085d00000, 0x0000000085e00000|  0%| F|  |TAMS 0x0000000085d00000, 0x0000000085d00000| Untracked 
|  94|0x0000000085e00000, 0x0000000085e00000, 0x0000000085f00000|  0%| F|  |TAMS 0x0000000085e00000, 0x0000000085e00000| Untracked 
|  95|0x0000000085f00000, 0x0000000085f00000, 0x0000000086000000|  0%| F|  |TAMS 0x0000000085f00000, 0x0000000085f00000| Untracked 
|  96|0x0000000086000000, 0x0000000086000000, 0x0000000086100000|  0%| F|  |TAMS 0x0000000086000000, 0x0000000086000000| Untracked 
|  97|0x0000000086100000, 0x0000000086100000, 0x0000000086200000|  0%| F|  |TAMS 0x0000000086100000, 0x0000000086100000| Untracked 
|  98|0x0000000086200000, 0x0000000086200000, 0x0000000086300000|  0%| F|  |TAMS 0x0000000086200000, 0x0000000086200000| Untracked 
|  99|0x0000000086300000, 0x0000000086300000, 0x0000000086400000|  0%| F|  |TAMS 0x0000000086300000, 0x0000000086300000| Untracked 
| 100|0x0000000086400000, 0x0000000086400000, 0x0000000086500000|  0%| F|  |TAMS 0x0000000086400000, 0x0000000086400000| Untracked 
| 101|0x0000000086500000, 0x0000000086500000, 0x0000000086600000|  0%| F|  |TAMS 0x0000000086500000, 0x0000000086500000| Untracked 
| 102|0x0000000086600000, 0x0000000086600000, 0x0000000086700000|  0%| F|  |TAMS 0x0000000086600000, 0x0000000086600000| Untracked 
| 103|0x0000000086700000, 0x0000000086700000, 0x0000000086800000|  0%| F|  |TAMS 0x0000000086700000, 0x0000000086700000| Untracked 
| 104|0x0000000086800000, 0x0000000086800000, 0x0000000086900000|  0%| F|  |TAMS 0x0000000086800000, 0x0000000086800000| Untracked 
| 105|0x0000000086900000, 0x0000000086900000, 0x0000000086a00000|  0%| F|  |TAMS 0x0000000086900000, 0x0000000086900000| Untracked 
| 106|0x0000000086a00000, 0x0000000086a00000, 0x0000000086b00000|  0%| F|  |TAMS 0x0000000086a00000, 0x0000000086a00000| Untracked 
| 107|0x0000000086b00000, 0x0000000086b00000, 0x0000000086c00000|  0%| F|  |TAMS 0x0000000086b00000, 0x0000000086b00000| Untracked 
| 108|0x0000000086c00000, 0x0000000086c00000, 0x0000000086d00000|  0%| F|  |TAMS 0x0000000086c00000, 0x0000000086c00000| Untracked 
| 109|0x0000000086d00000, 0x0000000086d00000, 0x0000000086e00000|  0%| F|  |TAMS 0x0000000086d00000, 0x0000000086d00000| Untracked 
| 110|0x0000000086e00000, 0x0000000086e00000, 0x0000000086f00000|  0%| F|  |TAMS 0x0000000086e00000, 0x0000000086e00000| Untracked 
| 111|0x0000000086f00000, 0x0000000086f00000, 0x0000000087000000|  0%| F|  |TAMS 0x0000000086f00000, 0x0000000086f00000| Untracked 
| 112|0x0000000087000000, 0x0000000087000000, 0x0000000087100000|  0%| F|  |TAMS 0x0000000087000000, 0x0000000087000000| Untracked 
| 113|0x0000000087100000, 0x0000000087100000, 0x0000000087200000|  0%| F|  |TAMS 0x0000000087100000, 0x0000000087100000| Untracked 
| 114|0x0000000087200000, 0x0000000087200000, 0x0000000087300000|  0%| F|  |TAMS 0x0000000087200000, 0x0000000087200000| Untracked 
| 115|0x0000000087300000, 0x0000000087300000, 0x0000000087400000|  0%| F|  |TAMS 0x0000000087300000, 0x0000000087300000| Untracked 
| 116|0x0000000087400000, 0x0000000087400000, 0x0000000087500000|  0%| F|  |TAMS 0x0000000087400000, 0x0000000087400000| Untracked 
| 117|0x0000000087500000, 0x0000000087500000, 0x0000000087600000|  0%| F|  |TAMS 0x0000000087500000, 0x0000000087500000| Untracked 
| 118|0x0000000087600000, 0x0000000087600000, 0x0000000087700000|  0%| F|  |TAMS 0x0000000087600000, 0x0000000087600000| Untracked 
| 119|0x0000000087700000, 0x0000000087700000, 0x0000000087800000|  0%| F|  |TAMS 0x0000000087700000, 0x0000000087700000| Untracked 
| 120|0x0000000087800000, 0x0000000087800000, 0x0000000087900000|  0%| F|  |TAMS 0x0000000087800000, 0x0000000087800000| Untracked 
| 121|0x0000000087900000, 0x0000000087900000, 0x0000000087a00000|  0%| F|  |TAMS 0x0000000087900000, 0x0000000087900000| Untracked 
| 122|0x0000000087a00000, 0x0000000087a00000, 0x0000000087b00000|  0%| F|  |TAMS 0x0000000087a00000, 0x0000000087a00000| Untracked 
| 123|0x0000000087b00000, 0x0000000087b00000, 0x0000000087c00000|  0%| F|  |TAMS 0x0000000087b00000, 0x0000000087b00000| Untracked 
| 124|0x0000000087c00000, 0x0000000087c00000, 0x0000000087d00000|  0%| F|  |TAMS 0x0000000087c00000, 0x0000000087c00000| Untracked 
| 125|0x0000000087d00000, 0x0000000087d00000, 0x0000000087e00000|  0%| F|  |TAMS 0x0000000087d00000, 0x0000000087d00000| Untracked 
| 126|0x0000000087e00000, 0x0000000087e00000, 0x0000000087f00000|  0%| F|  |TAMS 0x0000000087e00000, 0x0000000087e00000| Untracked 
| 127|0x0000000087f00000, 0x0000000087f00000, 0x0000000088000000|  0%| F|  |TAMS 0x0000000087f00000, 0x0000000087f00000| Untracked 
| 128|0x0000000088000000, 0x0000000088000000, 0x0000000088100000|  0%| F|  |TAMS 0x0000000088000000, 0x0000000088000000| Untracked 
| 129|0x0000000088100000, 0x0000000088100000, 0x0000000088200000|  0%| F|  |TAMS 0x0000000088100000, 0x0000000088100000| Untracked 
| 130|0x0000000088200000, 0x0000000088200000, 0x0000000088300000|  0%| F|  |TAMS 0x0000000088200000, 0x0000000088200000| Untracked 
| 131|0x0000000088300000, 0x0000000088300000, 0x0000000088400000|  0%| F|  |TAMS 0x0000000088300000, 0x0000000088300000| Untracked 
| 132|0x0000000088400000, 0x0000000088400000, 0x0000000088500000|  0%| F|  |TAMS 0x0000000088400000, 0x0000000088400000| Untracked 
| 133|0x0000000088500000, 0x0000000088500000, 0x0000000088600000|  0%| F|  |TAMS 0x0000000088500000, 0x0000000088500000| Untracked 
| 134|0x0000000088600000, 0x0000000088600000, 0x0000000088700000|  0%| F|  |TAMS 0x0000000088600000, 0x0000000088600000| Untracked 
| 135|0x0000000088700000, 0x0000000088700000, 0x0000000088800000|  0%| F|  |TAMS 0x0000000088700000, 0x0000000088700000| Untracked 
| 136|0x0000000088800000, 0x0000000088800000, 0x0000000088900000|  0%| F|  |TAMS 0x0000000088800000, 0x0000000088800000| Untracked 
| 137|0x0000000088900000, 0x0000000088900000, 0x0000000088a00000|  0%| F|  |TAMS 0x0000000088900000, 0x0000000088900000| Untracked 
| 138|0x0000000088a00000, 0x0000000088a00000, 0x0000000088b00000|  0%| F|  |TAMS 0x0000000088a00000, 0x0000000088a00000| Untracked 
| 139|0x0000000088b00000, 0x0000000088b00000, 0x0000000088c00000|  0%| F|  |TAMS 0x0000000088b00000, 0x0000000088b00000| Untracked 
| 140|0x0000000088c00000, 0x0000000088c00000, 0x0000000088d00000|  0%| F|  |TAMS 0x0000000088c00000, 0x0000000088c00000| Untracked 
| 141|0x0000000088d00000, 0x0000000088d00000, 0x0000000088e00000|  0%| F|  |TAMS 0x0000000088d00000, 0x0000000088d00000| Untracked 
| 142|0x0000000088e00000, 0x0000000088e00000, 0x0000000088f00000|  0%| F|  |TAMS 0x0000000088e00000, 0x0000000088e00000| Untracked 
| 143|0x0000000088f00000, 0x0000000088f00000, 0x0000000089000000|  0%| F|  |TAMS 0x0000000088f00000, 0x0000000088f00000| Untracked 
| 144|0x0000000089000000, 0x0000000089000000, 0x0000000089100000|  0%| F|  |TAMS 0x0000000089000000, 0x0000000089000000| Untracked 
| 145|0x0000000089100000, 0x0000000089100000, 0x0000000089200000|  0%| F|  |TAMS 0x0000000089100000, 0x0000000089100000| Untracked 
| 146|0x0000000089200000, 0x0000000089200000, 0x0000000089300000|  0%| F|  |TAMS 0x0000000089200000, 0x0000000089200000| Untracked 
| 147|0x0000000089300000, 0x0000000089300000, 0x0000000089400000|  0%| F|  |TAMS 0x0000000089300000, 0x0000000089300000| Untracked 
| 148|0x0000000089400000, 0x0000000089400000, 0x0000000089500000|  0%| F|  |TAMS 0x0000000089400000, 0x0000000089400000| Untracked 
| 149|0x0000000089500000, 0x0000000089500000, 0x0000000089600000|  0%| F|  |TAMS 0x0000000089500000, 0x0000000089500000| Untracked 
| 150|0x0000000089600000, 0x0000000089600000, 0x0000000089700000|  0%| F|  |TAMS 0x0000000089600000, 0x0000000089600000| Untracked 
| 151|0x0000000089700000, 0x0000000089700000, 0x0000000089800000|  0%| F|  |TAMS 0x0000000089700000, 0x0000000089700000| Untracked 
| 152|0x0000000089800000, 0x0000000089800000, 0x0000000089900000|  0%| F|  |TAMS 0x0000000089800000, 0x0000000089800000| Untracked 
| 153|0x0000000089900000, 0x0000000089900000, 0x0000000089a00000|  0%| F|  |TAMS 0x0000000089900000, 0x0000000089900000| Untracked 
| 154|0x0000000089a00000, 0x0000000089a00000, 0x0000000089b00000|  0%| F|  |TAMS 0x0000000089a00000, 0x0000000089a00000| Untracked 
| 155|0x0000000089b00000, 0x0000000089b00000, 0x0000000089c00000|  0%| F|  |TAMS 0x0000000089b00000, 0x0000000089b00000| Untracked 
| 156|0x0000000089c00000, 0x0000000089c00000, 0x0000000089d00000|  0%| F|  |TAMS 0x0000000089c00000, 0x0000000089c00000| Untracked 
| 157|0x0000000089d00000, 0x0000000089d00000, 0x0000000089e00000|  0%| F|  |TAMS 0x0000000089d00000, 0x0000000089d00000| Untracked 
| 158|0x0000000089e00000, 0x0000000089e00000, 0x0000000089f00000|  0%| F|  |TAMS 0x0000000089e00000, 0x0000000089e00000| Untracked 
| 159|0x0000000089f00000, 0x0000000089f00000, 0x000000008a000000|  0%| F|  |TAMS 0x0000000089f00000, 0x0000000089f00000| Untracked 
| 160|0x000000008a000000, 0x000000008a000000, 0x000000008a100000|  0%| F|  |TAMS 0x000000008a000000, 0x000000008a000000| Untracked 
| 161|0x000000008a100000, 0x000000008a100000, 0x000000008a200000|  0%| F|  |TAMS 0x000000008a100000, 0x000000008a100000| Untracked 
| 162|0x000000008a200000, 0x000000008a200000, 0x000000008a300000|  0%| F|  |TAMS 0x000000008a200000, 0x000000008a200000| Untracked 
| 163|0x000000008a300000, 0x000000008a300000, 0x000000008a400000|  0%| F|  |TAMS 0x000000008a300000, 0x000000008a300000| Untracked 
| 164|0x000000008a400000, 0x000000008a400000, 0x000000008a500000|  0%| F|  |TAMS 0x000000008a400000, 0x000000008a400000| Untracked 
| 165|0x000000008a500000, 0x000000008a500000, 0x000000008a600000|  0%| F|  |TAMS 0x000000008a500000, 0x000000008a500000| Untracked 
| 166|0x000000008a600000, 0x000000008a600000, 0x000000008a700000|  0%| F|  |TAMS 0x000000008a600000, 0x000000008a600000| Untracked 
| 167|0x000000008a700000, 0x000000008a700000, 0x000000008a800000|  0%| F|  |TAMS 0x000000008a700000, 0x000000008a700000| Untracked 
| 168|0x000000008a800000, 0x000000008a800000, 0x000000008a900000|  0%| F|  |TAMS 0x000000008a800000, 0x000000008a800000| Untracked 
| 169|0x000000008a900000, 0x000000008a900000, 0x000000008aa00000|  0%| F|  |TAMS 0x000000008a900000, 0x000000008a900000| Untracked 
| 170|0x000000008aa00000, 0x000000008aa00000, 0x000000008ab00000|  0%| F|  |TAMS 0x000000008aa00000, 0x000000008aa00000| Untracked 
| 171|0x000000008ab00000, 0x000000008ab00000, 0x000000008ac00000|  0%| F|  |TAMS 0x000000008ab00000, 0x000000008ab00000| Untracked 
| 172|0x000000008ac00000, 0x000000008ac00000, 0x000000008ad00000|  0%| F|  |TAMS 0x000000008ac00000, 0x000000008ac00000| Untracked 
| 173|0x000000008ad00000, 0x000000008ad00000, 0x000000008ae00000|  0%| F|  |TAMS 0x000000008ad00000, 0x000000008ad00000| Untracked 
| 174|0x000000008ae00000, 0x000000008ae00000, 0x000000008af00000|  0%| F|  |TAMS 0x000000008ae00000, 0x000000008ae00000| Untracked 
| 175|0x000000008af00000, 0x000000008af00000, 0x000000008b000000|  0%| F|  |TAMS 0x000000008af00000, 0x000000008af00000| Untracked 
| 176|0x000000008b000000, 0x000000008b000000, 0x000000008b100000|  0%| F|  |TAMS 0x000000008b000000, 0x000000008b000000| Untracked 
| 177|0x000000008b100000, 0x000000008b100000, 0x000000008b200000|  0%| F|  |TAMS 0x000000008b100000, 0x000000008b100000| Untracked 
| 178|0x000000008b200000, 0x000000008b200000, 0x000000008b300000|  0%| F|  |TAMS 0x000000008b200000, 0x000000008b200000| Untracked 
| 179|0x000000008b300000, 0x000000008b300000, 0x000000008b400000|  0%| F|  |TAMS 0x000000008b300000, 0x000000008b300000| Untracked 
| 180|0x000000008b400000, 0x000000008b400000, 0x000000008b500000|  0%| F|  |TAMS 0x000000008b400000, 0x000000008b400000| Untracked 
| 181|0x000000008b500000, 0x000000008b500000, 0x000000008b600000|  0%| F|  |TAMS 0x000000008b500000, 0x000000008b500000| Untracked 
| 182|0x000000008b600000, 0x000000008b600000, 0x000000008b700000|  0%| F|  |TAMS 0x000000008b600000, 0x000000008b600000| Untracked 
| 183|0x000000008b700000, 0x000000008b700000, 0x000000008b800000|  0%| F|  |TAMS 0x000000008b700000, 0x000000008b700000| Untracked 
| 184|0x000000008b800000, 0x000000008b800000, 0x000000008b900000|  0%| F|  |TAMS 0x000000008b800000, 0x000000008b800000| Untracked 
| 185|0x000000008b900000, 0x000000008b900000, 0x000000008ba00000|  0%| F|  |TAMS 0x000000008b900000, 0x000000008b900000| Untracked 
| 186|0x000000008ba00000, 0x000000008ba00000, 0x000000008bb00000|  0%| F|  |TAMS 0x000000008ba00000, 0x000000008ba00000| Untracked 
| 187|0x000000008bb00000, 0x000000008bb00000, 0x000000008bc00000|  0%| F|  |TAMS 0x000000008bb00000, 0x000000008bb00000| Untracked 
| 188|0x000000008bc00000, 0x000000008bc00000, 0x000000008bd00000|  0%| F|  |TAMS 0x000000008bc00000, 0x000000008bc00000| Untracked 
| 189|0x000000008bd00000, 0x000000008bd00000, 0x000000008be00000|  0%| F|  |TAMS 0x000000008bd00000, 0x000000008bd00000| Untracked 
| 190|0x000000008be00000, 0x000000008be00000, 0x000000008bf00000|  0%| F|  |TAMS 0x000000008be00000, 0x000000008be00000| Untracked 
| 191|0x000000008bf00000, 0x000000008bf00000, 0x000000008c000000|  0%| F|  |TAMS 0x000000008bf00000, 0x000000008bf00000| Untracked 
| 192|0x000000008c000000, 0x000000008c000000, 0x000000008c100000|  0%| F|  |TAMS 0x000000008c000000, 0x000000008c000000| Untracked 
| 193|0x000000008c100000, 0x000000008c100000, 0x000000008c200000|  0%| F|  |TAMS 0x000000008c100000, 0x000000008c100000| Untracked 
| 194|0x000000008c200000, 0x000000008c200000, 0x000000008c300000|  0%| F|  |TAMS 0x000000008c200000, 0x000000008c200000| Untracked 
| 195|0x000000008c300000, 0x000000008c300000, 0x000000008c400000|  0%| F|  |TAMS 0x000000008c300000, 0x000000008c300000| Untracked 
| 196|0x000000008c400000, 0x000000008c400000, 0x000000008c500000|  0%| F|  |TAMS 0x000000008c400000, 0x000000008c400000| Untracked 
| 197|0x000000008c500000, 0x000000008c500000, 0x000000008c600000|  0%| F|  |TAMS 0x000000008c500000, 0x000000008c500000| Untracked 
| 198|0x000000008c600000, 0x000000008c600000, 0x000000008c700000|  0%| F|  |TAMS 0x000000008c600000, 0x000000008c600000| Untracked 
| 199|0x000000008c700000, 0x000000008c700000, 0x000000008c800000|  0%| F|  |TAMS 0x000000008c700000, 0x000000008c700000| Untracked 
| 200|0x000000008c800000, 0x000000008c800000, 0x000000008c900000|  0%| F|  |TAMS 0x000000008c800000, 0x000000008c800000| Untracked 
| 201|0x000000008c900000, 0x000000008c900000, 0x000000008ca00000|  0%| F|  |TAMS 0x000000008c900000, 0x000000008c900000| Untracked 
| 202|0x000000008ca00000, 0x000000008ca00000, 0x000000008cb00000|  0%| F|  |TAMS 0x000000008ca00000, 0x000000008ca00000| Untracked 
| 203|0x000000008cb00000, 0x000000008cb00000, 0x000000008cc00000|  0%| F|  |TAMS 0x000000008cb00000, 0x000000008cb00000| Untracked 
| 204|0x000000008cc00000, 0x000000008cc00000, 0x000000008cd00000|  0%| F|  |TAMS 0x000000008cc00000, 0x000000008cc00000| Untracked 
| 205|0x000000008cd00000, 0x000000008cd00000, 0x000000008ce00000|  0%| F|  |TAMS 0x000000008cd00000, 0x000000008cd00000| Untracked 
| 206|0x000000008ce00000, 0x000000008ce00000, 0x000000008cf00000|  0%| F|  |TAMS 0x000000008ce00000, 0x000000008ce00000| Untracked 
| 207|0x000000008cf00000, 0x000000008cf00000, 0x000000008d000000|  0%| F|  |TAMS 0x000000008cf00000, 0x000000008cf00000| Untracked 
| 208|0x000000008d000000, 0x000000008d000000, 0x000000008d100000|  0%| F|  |TAMS 0x000000008d000000, 0x000000008d000000| Untracked 
| 209|0x000000008d100000, 0x000000008d100000, 0x000000008d200000|  0%| F|  |TAMS 0x000000008d100000, 0x000000008d100000| Untracked 
| 210|0x000000008d200000, 0x000000008d253908, 0x000000008d300000| 32%| S|CS|TAMS 0x000000008d200000, 0x000000008d200000| Complete 
| 211|0x000000008d300000, 0x000000008d400000, 0x000000008d400000|100%| S|CS|TAMS 0x000000008d300000, 0x000000008d300000| Complete 
| 212|0x000000008d400000, 0x000000008d500000, 0x000000008d500000|100%| S|CS|TAMS 0x000000008d400000, 0x000000008d400000| Complete 
| 213|0x000000008d500000, 0x000000008d600000, 0x000000008d600000|100%| S|CS|TAMS 0x000000008d500000, 0x000000008d500000| Complete 
| 214|0x000000008d600000, 0x000000008d700000, 0x000000008d700000|100%| S|CS|TAMS 0x000000008d600000, 0x000000008d600000| Complete 
| 215|0x000000008d700000, 0x000000008d800000, 0x000000008d800000|100%| S|CS|TAMS 0x000000008d700000, 0x000000008d700000| Complete 
| 216|0x000000008d800000, 0x000000008d800000, 0x000000008d900000|  0%| F|  |TAMS 0x000000008d800000, 0x000000008d800000| Untracked 
| 217|0x000000008d900000, 0x000000008d900000, 0x000000008da00000|  0%| F|  |TAMS 0x000000008d900000, 0x000000008d900000| Untracked 
| 218|0x000000008da00000, 0x000000008da00000, 0x000000008db00000|  0%| F|  |TAMS 0x000000008da00000, 0x000000008da00000| Untracked 
| 219|0x000000008db00000, 0x000000008db00000, 0x000000008dc00000|  0%| F|  |TAMS 0x000000008db00000, 0x000000008db00000| Untracked 
| 220|0x000000008dc00000, 0x000000008dc00000, 0x000000008dd00000|  0%| F|  |TAMS 0x000000008dc00000, 0x000000008dc00000| Untracked 
| 221|0x000000008dd00000, 0x000000008dd00000, 0x000000008de00000|  0%| F|  |TAMS 0x000000008dd00000, 0x000000008dd00000| Untracked 
| 222|0x000000008de00000, 0x000000008de00000, 0x000000008df00000|  0%| F|  |TAMS 0x000000008de00000, 0x000000008de00000| Untracked 
| 223|0x000000008df00000, 0x000000008df00000, 0x000000008e000000|  0%| F|  |TAMS 0x000000008df00000, 0x000000008df00000| Untracked 
| 224|0x000000008e000000, 0x000000008e000000, 0x000000008e100000|  0%| F|  |TAMS 0x000000008e000000, 0x000000008e000000| Untracked 
| 225|0x000000008e100000, 0x000000008e100000, 0x000000008e200000|  0%| F|  |TAMS 0x000000008e100000, 0x000000008e100000| Untracked 
| 226|0x000000008e200000, 0x000000008e200000, 0x000000008e300000|  0%| F|  |TAMS 0x000000008e200000, 0x000000008e200000| Untracked 
| 227|0x000000008e300000, 0x000000008e300000, 0x000000008e400000|  0%| F|  |TAMS 0x000000008e300000, 0x000000008e300000| Untracked 
| 228|0x000000008e400000, 0x000000008e400000, 0x000000008e500000|  0%| F|  |TAMS 0x000000008e400000, 0x000000008e400000| Untracked 
| 229|0x000000008e500000, 0x000000008e500000, 0x000000008e600000|  0%| F|  |TAMS 0x000000008e500000, 0x000000008e500000| Untracked 
| 230|0x000000008e600000, 0x000000008e600000, 0x000000008e700000|  0%| F|  |TAMS 0x000000008e600000, 0x000000008e600000| Untracked 
| 231|0x000000008e700000, 0x000000008e700000, 0x000000008e800000|  0%| F|  |TAMS 0x000000008e700000, 0x000000008e700000| Untracked 
| 232|0x000000008e800000, 0x000000008e800000, 0x000000008e900000|  0%| F|  |TAMS 0x000000008e800000, 0x000000008e800000| Untracked 
| 233|0x000000008e900000, 0x000000008e900000, 0x000000008ea00000|  0%| F|  |TAMS 0x000000008e900000, 0x000000008e900000| Untracked 
| 234|0x000000008ea00000, 0x000000008ea00000, 0x000000008eb00000|  0%| F|  |TAMS 0x000000008ea00000, 0x000000008ea00000| Untracked 
| 235|0x000000008eb00000, 0x000000008eb00000, 0x000000008ec00000|  0%| F|  |TAMS 0x000000008eb00000, 0x000000008eb00000| Untracked 
| 236|0x000000008ec00000, 0x000000008ec00000, 0x000000008ed00000|  0%| F|  |TAMS 0x000000008ec00000, 0x000000008ec00000| Untracked 
| 237|0x000000008ed00000, 0x000000008ed00000, 0x000000008ee00000|  0%| F|  |TAMS 0x000000008ed00000, 0x000000008ed00000| Untracked 
| 238|0x000000008ee00000, 0x000000008ee00000, 0x000000008ef00000|  0%| F|  |TAMS 0x000000008ee00000, 0x000000008ee00000| Untracked 
| 239|0x000000008ef00000, 0x000000008ef00000, 0x000000008f000000|  0%| F|  |TAMS 0x000000008ef00000, 0x000000008ef00000| Untracked 
| 240|0x000000008f000000, 0x000000008f000000, 0x000000008f100000|  0%| F|  |TAMS 0x000000008f000000, 0x000000008f000000| Untracked 
| 241|0x000000008f100000, 0x000000008f100000, 0x000000008f200000|  0%| F|  |TAMS 0x000000008f100000, 0x000000008f100000| Untracked 
| 242|0x000000008f200000, 0x000000008f200000, 0x000000008f300000|  0%| F|  |TAMS 0x000000008f200000, 0x000000008f200000| Untracked 
| 243|0x000000008f300000, 0x000000008f300000, 0x000000008f400000|  0%| F|  |TAMS 0x000000008f300000, 0x000000008f300000| Untracked 
| 244|0x000000008f400000, 0x000000008f400000, 0x000000008f500000|  0%| F|  |TAMS 0x000000008f400000, 0x000000008f400000| Untracked 
| 245|0x000000008f500000, 0x000000008f500000, 0x000000008f600000|  0%| F|  |TAMS 0x000000008f500000, 0x000000008f500000| Untracked 
| 246|0x000000008f600000, 0x000000008f700000, 0x000000008f700000|100%| E|  |TAMS 0x000000008f600000, 0x000000008f600000| Complete 
| 247|0x000000008f700000, 0x000000008f800000, 0x000000008f800000|100%| E|CS|TAMS 0x000000008f700000, 0x000000008f700000| Complete 
| 248|0x000000008f800000, 0x000000008f900000, 0x000000008f900000|100%| E|CS|TAMS 0x000000008f800000, 0x000000008f800000| Complete 
| 249|0x000000008f900000, 0x000000008fa00000, 0x000000008fa00000|100%| E|  |TAMS 0x000000008f900000, 0x000000008f900000| Complete 
| 250|0x000000008fa00000, 0x000000008fb00000, 0x000000008fb00000|100%| E|CS|TAMS 0x000000008fa00000, 0x000000008fa00000| Complete 
| 251|0x000000008fb00000, 0x000000008fc00000, 0x000000008fc00000|100%| E|CS|TAMS 0x000000008fb00000, 0x000000008fb00000| Complete 
| 252|0x000000008fc00000, 0x000000008fd00000, 0x000000008fd00000|100%| E|CS|TAMS 0x000000008fc00000, 0x000000008fc00000| Complete 
| 253|0x000000008fd00000, 0x000000008fe00000, 0x000000008fe00000|100%| E|CS|TAMS 0x000000008fd00000, 0x000000008fd00000| Complete 
| 254|0x000000008fe00000, 0x000000008ff00000, 0x000000008ff00000|100%| E|CS|TAMS 0x000000008fe00000, 0x000000008fe00000| Complete 
| 255|0x000000008ff00000, 0x0000000090000000, 0x0000000090000000|100%| E|CS|TAMS 0x000000008ff00000, 0x000000008ff00000| Complete 

Card table byte_map: [0x000001a2bd0e0000,0x000001a2bd4e0000] _byte_map_base: 0x000001a2bcce0000

Marking Bits (Prev, Next): (CMBitMap*) 0x000001a2a811e4e8, (CMBitMap*) 0x000001a2a811e520
 Prev Bits: [0x000001a2bd8e0000, 0x000001a2bf8e0000)
 Next Bits: [0x000001a2bf8e0000, 0x000001a2c18e0000)

Polling page: 0x000001a2a8020000

Metaspace:

Usage:
  Non-class:     30.96 MB capacity,    30.42 MB ( 98%) used,   482.83 KB (  2%) free+waste,    69.13 KB ( <1%) overhead. 
      Class:      4.86 MB capacity,     4.55 MB ( 93%) used,   292.70 KB (  6%) free+waste,    33.94 KB ( <1%) overhead. 
       Both:     35.82 MB capacity,    34.96 MB ( 98%) used,   775.52 KB (  2%) free+waste,   103.06 KB ( <1%) overhead. 

Virtual space:
  Non-class space:       38.00 MB reserved,      31.00 MB ( 82%) committed 
      Class space:        1.00 GB reserved,       4.95 MB ( <1%) committed 
             Both:        1.04 GB reserved,      35.95 MB (  3%) committed 

Chunk freelists:
   Non-Class:  0 bytes
       Class:  11.00 KB
        Both:  11.00 KB

MaxMetaspaceSize: 17179869184.00 GB
CompressedClassSpaceSize: 1.00 GB

CodeHeap 'non-profiled nmethods': size=120000Kb used=1358Kb max_used=1358Kb free=118641Kb
 bounds [0x000001a2b4d50000, 0x000001a2b4fc0000, 0x000001a2bc280000]
CodeHeap 'profiled nmethods': size=120000Kb used=5497Kb max_used=5497Kb free=114502Kb
 bounds [0x000001a2ad820000, 0x000001a2add90000, 0x000001a2b4d50000]
CodeHeap 'non-nmethods': size=5760Kb used=1162Kb max_used=1199Kb free=4597Kb
 bounds [0x000001a2ad280000, 0x000001a2ad4f0000, 0x000001a2ad820000]
 total_blobs=3171 nmethods=2665 adapters=417
 compilation: enabled
              stopped_count=0, restarted_count=0
 full_count=0

Compilation events (20 events):
Event: 4.149 Thread 0x000001a2c4c8f800 nmethod 2819 0x000001a2b4e9fd90 code [0x000001a2b4e9ff40, 0x000001a2b4e9fff8]
Event: 4.149 Thread 0x000001a2c4c8f800 2821       3       java.lang.StackTraceElement::<init> (10 bytes)
Event: 4.149 Thread 0x000001a2c4c8f800 nmethod 2821 0x000001a2add65310 code [0x000001a2add654c0, 0x000001a2add65618]
Event: 4.149 Thread 0x000001a2c4c8f800 2822       3       java.lang.ModuleLayer::boot (4 bytes)
Event: 4.149 Thread 0x000001a2c4c8f800 nmethod 2822 0x000001a2ada64290 code [0x000001a2ada64440, 0x000001a2ada64538]
Event: 4.149 Thread 0x000001a2c4c8f800 2820       1       java.lang.StackTraceElement::getFileName (5 bytes)
Event: 4.149 Thread 0x000001a2c4c8f800 nmethod 2820 0x000001a2b4ea0090 code [0x000001a2b4ea0240, 0x000001a2b4ea02f8]
Event: 4.151 Thread 0x000001a2c4c8f800 2823       3       java.util.regex.Pattern$Branch::match (66 bytes)
Event: 4.151 Thread 0x000001a2c4c8f800 nmethod 2823 0x000001a2add65710 code [0x000001a2add65900, 0x000001a2add65d98]
Event: 4.151 Thread 0x000001a2c4c8f800 2824       1       java.lang.StackTraceElement::getClassName (5 bytes)
Event: 4.152 Thread 0x000001a2c4c8f800 nmethod 2824 0x000001a2b4ea0390 code [0x000001a2b4ea0540, 0x000001a2b4ea05f8]
Event: 4.153 Thread 0x000001a2c4c8f800 2825       3       org.codehaus.groovy.runtime.StackTraceUtils::isApplicationClass (84 bytes)
Event: 4.154 Thread 0x000001a2c4c8f800 nmethod 2825 0x000001a2add65f90 code [0x000001a2add661e0, 0x000001a2add66b98]
Event: 4.155 Thread 0x000001a2c4c8f800 2826       3       org.gradle.internal.dispatch.ReflectionDispatch::dispatch (9 bytes)
Event: 4.155 Thread 0x000001a2c4c8f800 nmethod 2826 0x000001a2add66f10 code [0x000001a2add670e0, 0x000001a2add67308]
Event: 4.155 Thread 0x000001a2c4c8f800 2827   !   3       org.gradle.internal.dispatch.ReflectionDispatch::dispatch (42 bytes)
Event: 4.156 Thread 0x000001a2c4c8f800 nmethod 2827 0x000001a2add67410 code [0x000001a2add676c0, 0x000001a2add681b8]
Event: 4.158 Thread 0x000001a2c62de000 2828   !   4       java.net.URLClassLoader::findClass (47 bytes)
Event: 4.160 Thread 0x000001a2c62de000 nmethod 2828 0x000001a2b4ea0690 code [0x000001a2b4ea0860, 0x000001a2b4ea0a78]
Event: 4.160 Thread 0x000001a2c4c8f800 2829       3       java.util.regex.Matcher::end (67 bytes)

GC Heap History (8 events):
Event: 0.704 GC heap before
{Heap before GC invocations=0 (full 0):
 garbage-first heap   total 262144K, used 29696K [0x0000000080000000, 0x0000000100000000)
  region size 1024K, 24 young (24576K), 0 survivors (0K)
 Metaspace       used 10670K, capacity 11000K, committed 11264K, reserved 1058816K
  class space    used 1130K, capacity 1200K, committed 1280K, reserved 1048576K
}
Event: 0.708 GC heap after
{Heap after GC invocations=1 (full 0):
 garbage-first heap   total 262144K, used 8801K [0x0000000080000000, 0x0000000100000000)
  region size 1024K, 3 young (3072K), 3 survivors (3072K)
 Metaspace       used 10670K, capacity 11000K, committed 11264K, reserved 1058816K
  class space    used 1130K, capacity 1200K, committed 1280K, reserved 1048576K
}
Event: 2.382 GC heap before
{Heap before GC invocations=1 (full 0):
 garbage-first heap   total 262144K, used 93793K [0x0000000080000000, 0x0000000100000000)
  region size 1024K, 88 young (90112K), 3 survivors (3072K)
 Metaspace       used 20575K, capacity 21099K, committed 21248K, reserved 1067008K
  class space    used 2527K, capacity 2712K, committed 2816K, reserved 1048576K
}
Event: 2.390 GC heap after
{Heap after GC invocations=2 (full 0):
 garbage-first heap   total 262144K, used 15984K [0x0000000080000000, 0x0000000100000000)
  region size 1024K, 11 young (11264K), 11 survivors (11264K)
 Metaspace       used 20575K, capacity 21099K, committed 21248K, reserved 1067008K
  class space    used 2527K, capacity 2712K, committed 2816K, reserved 1048576K
}
Event: 3.389 GC heap before
{Heap before GC invocations=3 (full 0):
 garbage-first heap   total 262144K, used 76400K [0x0000000080000000, 0x0000000100000000)
  region size 1024K, 70 young (71680K), 11 survivors (11264K)
 Metaspace       used 26972K, capacity 27701K, committed 27904K, reserved 1073152K
  class space    used 3555K, capacity 3790K, committed 3840K, reserved 1048576K
}
Event: 3.396 GC heap after
{Heap after GC invocations=4 (full 0):
 garbage-first heap   total 262144K, used 18777K [0x0000000080000000, 0x0000000100000000)
  region size 1024K, 3 young (3072K), 3 survivors (3072K)
 Metaspace       used 26972K, capacity 27701K, committed 27904K, reserved 1073152K
  class space    used 3555K, capacity 3790K, committed 3840K, reserved 1048576K
}
Event: 4.059 GC heap before
{Heap before GC invocations=4 (full 0):
 garbage-first heap   total 262144K, used 58713K [0x0000000080000000, 0x0000000100000000)
  region size 1024K, 43 young (44032K), 3 survivors (3072K)
 Metaspace       used 35053K, capacity 35813K, committed 35840K, reserved 1081344K
  class space    used 4563K, capacity 4856K, committed 4864K, reserved 1048576K
}
Event: 4.067 GC heap after
{Heap after GC invocations=5 (full 0):
 garbage-first heap   total 262144K, used 21589K [0x0000000080000000, 0x0000000100000000)
  region size 1024K, 6 young (6144K), 6 survivors (6144K)
 Metaspace       used 35053K, capacity 35813K, committed 35840K, reserved 1081344K
  class space    used 4563K, capacity 4856K, committed 4864K, reserved 1048576K
}

Deoptimization events (20 events):
Event: 4.102 Thread 0x000001a2c62f9000 Uncommon trap: trap_request=0xffffffbe fr.pc=0x000001a2b4e992ec relative=0x000000000000070c
Event: 4.102 Thread 0x000001a2c62f9000 Uncommon trap: reason=profile_predicate action=maybe_recompile pc=0x000001a2b4e992ec method=java.lang.PublicMethods$MethodList.filter([Ljava/lang/reflect/Method;Ljava/lang/String;[Ljava/lang/Class;Z)Ljava/lang/PublicMethods$MethodList; @ 21 c2
Event: 4.102 Thread 0x000001a2c62f9000 DEOPT PACKING pc=0x000001a2b4e992ec sp=0x0000003d26af8a30
Event: 4.102 Thread 0x000001a2c62f9000 DEOPT UNPACKING pc=0x000001a2ad2a74af sp=0x0000003d26af89e8 mode 2
Event: 4.115 Thread 0x000001a2c62f9000 Uncommon trap: trap_request=0xffffffbe fr.pc=0x000001a2b4e992ec relative=0x000000000000070c
Event: 4.115 Thread 0x000001a2c62f9000 Uncommon trap: reason=profile_predicate action=maybe_recompile pc=0x000001a2b4e992ec method=java.lang.PublicMethods$MethodList.filter([Ljava/lang/reflect/Method;Ljava/lang/String;[Ljava/lang/Class;Z)Ljava/lang/PublicMethods$MethodList; @ 21 c2
Event: 4.115 Thread 0x000001a2c62f9000 DEOPT PACKING pc=0x000001a2b4e992ec sp=0x0000003d26af8f30
Event: 4.115 Thread 0x000001a2c62f9000 DEOPT UNPACKING pc=0x000001a2ad2a74af sp=0x0000003d26af8ee8 mode 2
Event: 4.115 Thread 0x000001a2c62f9000 Uncommon trap: trap_request=0xffffffbe fr.pc=0x000001a2b4e992ec relative=0x000000000000070c
Event: 4.115 Thread 0x000001a2c62f9000 Uncommon trap: reason=profile_predicate action=maybe_recompile pc=0x000001a2b4e992ec method=java.lang.PublicMethods$MethodList.filter([Ljava/lang/reflect/Method;Ljava/lang/String;[Ljava/lang/Class;Z)Ljava/lang/PublicMethods$MethodList; @ 21 c2
Event: 4.115 Thread 0x000001a2c62f9000 DEOPT PACKING pc=0x000001a2b4e992ec sp=0x0000003d26af8f10
Event: 4.115 Thread 0x000001a2c62f9000 DEOPT UNPACKING pc=0x000001a2ad2a74af sp=0x0000003d26af8ec8 mode 2
Event: 4.148 Thread 0x000001a2c62f9000 Uncommon trap: trap_request=0xffffffde fr.pc=0x000001a2b4d71ce0 relative=0x0000000000000320
Event: 4.148 Thread 0x000001a2c62f9000 Uncommon trap: reason=class_check action=maybe_recompile pc=0x000001a2b4d71ce0 method=java.util.Collections$SetFromMap.remove(Ljava/lang/Object;)Z @ 5 c2
Event: 4.148 Thread 0x000001a2c62f9000 DEOPT PACKING pc=0x000001a2b4d71ce0 sp=0x0000003d26afa890
Event: 4.148 Thread 0x000001a2c62f9000 DEOPT UNPACKING pc=0x000001a2ad2a74af sp=0x0000003d26afa878 mode 2
Event: 4.148 Thread 0x000001a2c62f9000 Uncommon trap: trap_request=0xffffffde fr.pc=0x000001a2b4d71ce0 relative=0x0000000000000320
Event: 4.148 Thread 0x000001a2c62f9000 Uncommon trap: reason=class_check action=maybe_recompile pc=0x000001a2b4d71ce0 method=java.util.Collections$SetFromMap.remove(Ljava/lang/Object;)Z @ 5 c2
Event: 4.148 Thread 0x000001a2c62f9000 DEOPT PACKING pc=0x000001a2b4d71ce0 sp=0x0000003d26afa820
Event: 4.148 Thread 0x000001a2c62f9000 DEOPT UNPACKING pc=0x000001a2ad2a74af sp=0x0000003d26afa808 mode 2

Classes redefined (0 events):
No events

Internal exceptions (20 events):
Event: 4.094 Thread 0x000001a2c62f9000 Exception <a 'java/lang/ClassNotFoundException'{0x000000008fd6ef28}: org/gradle/groovy/scripts/BasicScriptBeanInfo> (0x000000008fd6ef28) thrown at [./src/hotspot/share/classfile/systemDictionary.cpp, line 231]
Event: 4.094 Thread 0x000001a2c62f9000 Exception <a 'java/lang/ClassNotFoundException'{0x000000008fd7eba8}: org/gradle/groovy/scripts/ScriptBeanInfo> (0x000000008fd7eba8) thrown at [./src/hotspot/share/classfile/systemDictionary.cpp, line 231]
Event: 4.094 Thread 0x000001a2c62f9000 Exception <a 'java/lang/ClassNotFoundException'{0x000000008fd8d928}: groovy/lang/ScriptBeanInfo> (0x000000008fd8d928) thrown at [./src/hotspot/share/classfile/systemDictionary.cpp, line 231]
Event: 4.094 Thread 0x000001a2c62f9000 Exception <a 'java/lang/ClassNotFoundException'{0x000000008fd9cce0}: groovy/lang/ScriptCustomizer> (0x000000008fd9cce0) thrown at [./src/hotspot/share/classfile/systemDictionary.cpp, line 231]
Event: 4.095 Thread 0x000001a2c62f9000 Exception <a 'java/lang/ClassNotFoundException'{0x000000008fdb46a8}: org/gradle/groovy/scripts/ScriptCustomizer> (0x000000008fdb46a8) thrown at [./src/hotspot/share/classfile/systemDictionary.cpp, line 231]
Event: 4.096 Thread 0x000001a2c62f9000 Exception <a 'java/lang/ClassNotFoundException'{0x000000008fdcad78}: org/gradle/groovy/scripts/BasicScriptCustomizer> (0x000000008fdcad78) thrown at [./src/hotspot/share/classfile/systemDictionary.cpp, line 231]
Event: 4.097 Thread 0x000001a2c62f9000 Exception <a 'java/lang/ClassNotFoundException'{0x000000008fde6fa8}: org/gradle/groovy/scripts/DefaultScriptCustomizer> (0x000000008fde6fa8) thrown at [./src/hotspot/share/classfile/systemDictionary.cpp, line 231]
Event: 4.100 Thread 0x000001a2c62f9000 Exception <a 'java/lang/ClassNotFoundException'{0x000000008fc30648}: org/gradle/plugin/use/internal/PluginsAwareScriptCustomizer> (0x000000008fc30648) thrown at [./src/hotspot/share/classfile/systemDictionary.cpp, line 231]
Event: 4.101 Thread 0x000001a2c62f9000 Exception <a 'java/lang/ClassNotFoundException'{0x000000008fc48998}: org/gradle/initialization/SettingsScriptCustomizer> (0x000000008fc48998) thrown at [./src/hotspot/share/classfile/systemDictionary.cpp, line 231]
Event: 4.101 Thread 0x000001a2c62f9000 Exception <a 'java/lang/ClassNotFoundException'{0x000000008fc594c8}: settings_98l9phbvovs6g8dwjy95kah10Customizer> (0x000000008fc594c8) thrown at [./src/hotspot/share/classfile/systemDictionary.cpp, line 231]
Event: 4.121 Thread 0x000001a2c62f9000 Exception <a 'java/lang/ClassNotFoundException'{0x000000008fbaa140}: org/gradle/initialization/DefaultSettings_DecoratedBeanInfo> (0x000000008fbaa140) thrown at [./src/hotspot/share/classfile/systemDictionary.cpp, line 231]
Event: 4.122 Thread 0x000001a2c62f9000 Exception <a 'java/lang/ClassNotFoundException'{0x000000008fbc6560}: org/gradle/initialization/DefaultSettingsBeanInfo> (0x000000008fbc6560) thrown at [./src/hotspot/share/classfile/systemDictionary.cpp, line 231]
Event: 4.123 Thread 0x000001a2c62f9000 Exception <a 'java/lang/ClassNotFoundException'{0x000000008fbe59c8}: org/gradle/api/internal/project/AbstractPluginAwareBeanInfo> (0x000000008fbe59c8) thrown at [./src/hotspot/share/classfile/systemDictionary.cpp, line 231]
Event: 4.123 Thread 0x000001a2c62f9000 Exception <a 'java/lang/ClassNotFoundException'{0x000000008fa055c8}: org/gradle/api/internal/project/AbstractPluginAwareCustomizer> (0x000000008fa055c8) thrown at [./src/hotspot/share/classfile/systemDictionary.cpp, line 231]
Event: 4.125 Thread 0x000001a2c62f9000 Exception <a 'java/lang/ClassNotFoundException'{0x000000008fa291b0}: org/gradle/initialization/DefaultSettingsCustomizer> (0x000000008fa291b0) thrown at [./src/hotspot/share/classfile/systemDictionary.cpp, line 231]
Event: 4.128 Thread 0x000001a2c62f9000 Exception <a 'java/lang/ClassNotFoundException'{0x000000008fa71af8}: org/gradle/initialization/DefaultSettings_DecoratedCustomizer> (0x000000008fa71af8) thrown at [./src/hotspot/share/classfile/systemDictionary.cpp, line 231]
Event: 4.138 Thread 0x000001a2c62f9000 Exception <a 'java/lang/ClassNotFoundException'{0x000000008f913e58}: org/gradle/initialization/DefaultProjectDescriptorBeanInfo> (0x000000008f913e58) thrown at [./src/hotspot/share/classfile/systemDictionary.cpp, line 231]
Event: 4.138 Thread 0x000001a2c62f9000 Exception <a 'java/lang/ClassNotFoundException'{0x000000008f9327b8}: org/gradle/initialization/DefaultProjectDescriptorCustomizer> (0x000000008f9327b8) thrown at [./src/hotspot/share/classfile/systemDictionary.cpp, line 231]
Event: 4.147 Thread 0x000001a2c62f9000 Exception <a 'java/lang/OutOfMemoryError'{0x000000008f978288}> (0x000000008f978288) thrown at [./src/hotspot/share/prims/jni.cpp, line 636]
Event: 4.147 Thread 0x000001a2c62f9000 Exception <a 'java/lang/OutOfMemoryError'{0x000000008f978288}> (0x000000008f978288) thrown at [./src/hotspot/share/prims/jvm.cpp, line 1301]

Events (20 events):
Event: 4.156 loading class com/google/common/collect/AbstractMapBasedMultimap$AsMap
Event: 4.156 loading class com/google/common/collect/AbstractMapBasedMultimap$AsMap done
Event: 4.157 loading class com/google/common/collect/Maps$ViewCachingAbstractMap
Event: 4.157 loading class com/google/common/collect/Maps$ViewCachingAbstractMap done
Event: 4.158 loading class org/gradle/internal/buildevents/BuildExceptionReporter$FailureDetails
Event: 4.158 loading class org/gradle/internal/buildevents/BuildExceptionReporter$FailureDetails done
Event: 4.158 loading class org/gradle/internal/logging/text/BufferingStyledTextOutput
Event: 4.158 loading class org/gradle/internal/logging/text/BufferingStyledTextOutput done
Event: 4.158 loading class org/gradle/internal/buildevents/BuildExceptionReporter$ExceptionStyle
Event: 4.158 loading class org/gradle/internal/buildevents/BuildExceptionReporter$ExceptionStyle done
Event: 4.159 loading class org/gradle/internal/logging/text/BufferingStyledTextOutput$1
Event: 4.159 loading class org/gradle/internal/logging/text/BufferingStyledTextOutput$1 done
Event: 4.159 loading class org/gradle/internal/logging/text/AbstractStyledTextOutput$StyleOverrideTextOutput
Event: 4.159 loading class org/gradle/internal/logging/text/AbstractStyledTextOutput$StyleOverrideTextOutput done
Event: 4.159 Executing VM operation: Deoptimize
Event: 4.160 Executing VM operation: Deoptimize done
Event: 4.160 loading class org/gradle/internal/logging/text/BufferingStyledTextOutput$ChangeStyleAction
Event: 4.160 loading class org/gradle/internal/logging/text/BufferingStyledTextOutput$ChangeStyleAction done
Event: 4.161 loading class org/gradle/internal/exceptions/StyledException
Event: 4.161 loading class org/gradle/internal/exceptions/StyledException done


Dynamic libraries:
0x00007ff694b80000 - 0x00007ff694b8a000 	C:\Program Files\Android\Android Studio\jre\bin\java.exe
0x00007ffe1f2f0000 - 0x00007ffe1f4e5000 	C:\Windows\SYSTEM32\ntdll.dll
0x00007ffe1ecf0000 - 0x00007ffe1edae000 	C:\Windows\System32\KERNEL32.DLL
0x00007ffe1cbc0000 - 0x00007ffe1ce88000 	C:\Windows\System32\KERNELBASE.dll
0x00007ffe1ce90000 - 0x00007ffe1cf90000 	C:\Windows\System32\ucrtbase.dll
0x00007ffdfc2f0000 - 0x00007ffdfc309000 	C:\Program Files\Android\Android Studio\jre\bin\jli.dll
0x00007ffdfc2d0000 - 0x00007ffdfc2e7000 	C:\Program Files\Android\Android Studio\jre\bin\VCRUNTIME140.dll
0x00007ffe1e170000 - 0x00007ffe1e311000 	C:\Windows\System32\USER32.dll
0x00007ffe10a90000 - 0x00007ffe10d2a000 	C:\Windows\WinSxS\amd64_microsoft.windows.common-controls_6595b64144ccf1df_6.0.19041.1110_none_60b5254171f9507e\COMCTL32.dll
0x00007ffe1d260000 - 0x00007ffe1d282000 	C:\Windows\System32\win32u.dll
0x00007ffe1ef00000 - 0x00007ffe1ef9e000 	C:\Windows\System32\msvcrt.dll
0x00007ffe1e7a0000 - 0x00007ffe1e7cb000 	C:\Windows\System32\GDI32.dll
0x00007ffe1d090000 - 0x00007ffe1d19d000 	C:\Windows\System32\gdi32full.dll
0x00007ffe1d290000 - 0x00007ffe1d32d000 	C:\Windows\System32\msvcp_win.dll
0x00007ffe1f140000 - 0x00007ffe1f170000 	C:\Windows\System32\IMM32.DLL
0x00007ffdfbe60000 - 0x00007ffdfbefd000 	C:\Program Files\Android\Android Studio\jre\bin\msvcp140.dll
0x00007ffdcd0a0000 - 0x00007ffdcdb5c000 	C:\Program Files\Android\Android Studio\jre\bin\server\jvm.dll
0x00007ffe1f170000 - 0x00007ffe1f21c000 	C:\Windows\System32\ADVAPI32.dll
0x00007ffe1dfb0000 - 0x00007ffe1e04b000 	C:\Windows\System32\sechost.dll
0x00007ffe1d330000 - 0x00007ffe1d45a000 	C:\Windows\System32\RPCRT4.dll
0x00007ffe1dfa0000 - 0x00007ffe1dfa8000 	C:\Windows\System32\PSAPI.DLL
0x00007ffe16e70000 - 0x00007ffe16e79000 	C:\Windows\SYSTEM32\WSOCK32.dll
0x00007ffe10a60000 - 0x00007ffe10a87000 	C:\Windows\SYSTEM32\WINMM.dll
0x00007ffe17e40000 - 0x00007ffe17e4a000 	C:\Windows\SYSTEM32\VERSION.dll
0x00007ffe1e960000 - 0x00007ffe1e9cb000 	C:\Windows\System32\WS2_32.dll
0x00007ffe1aad0000 - 0x00007ffe1aae2000 	C:\Windows\SYSTEM32\kernel.appcore.dll
0x00007ffe00e50000 - 0x00007ffe00e61000 	C:\Program Files\Android\Android Studio\jre\bin\verify.dll
0x00007ffe1a650000 - 0x00007ffe1a834000 	C:\Windows\SYSTEM32\DBGHELP.DLL
0x00007ffe15550000 - 0x00007ffe1557c000 	C:\Windows\SYSTEM32\dbgcore.DLL
0x00007ffe1d1a0000 - 0x00007ffe1d222000 	C:\Windows\System32\bcryptPrimitives.dll
0x00007ffe00e20000 - 0x00007ffe00e49000 	C:\Program Files\Android\Android Studio\jre\bin\java.dll
0x00007ffe04580000 - 0x00007ffe0458b000 	C:\Program Files\Android\Android Studio\jre\bin\jimage.dll
0x00007ffe00dd0000 - 0x00007ffe00de8000 	C:\Program Files\Android\Android Studio\jre\bin\zip.dll
0x00007ffe1d830000 - 0x00007ffe1df74000 	C:\Windows\System32\SHELL32.dll
0x00007ffe1aaf0000 - 0x00007ffe1b284000 	C:\Windows\SYSTEM32\windows.storage.dll
0x00007ffe1d470000 - 0x00007ffe1d7c5000 	C:\Windows\System32\combase.dll
0x00007ffe1c3e0000 - 0x00007ffe1c40e000 	C:\Windows\SYSTEM32\Wldp.dll
0x00007ffe1e7d0000 - 0x00007ffe1e87d000 	C:\Windows\System32\SHCORE.dll
0x00007ffe1d7d0000 - 0x00007ffe1d825000 	C:\Windows\System32\shlwapi.dll
0x00007ffe1c940000 - 0x00007ffe1c95f000 	C:\Windows\SYSTEM32\profapi.dll
0x00007ffdffe60000 - 0x00007ffdffe7a000 	C:\Program Files\Android\Android Studio\jre\bin\net.dll
0x00007ffe14f30000 - 0x00007ffe1503c000 	C:\Windows\SYSTEM32\WINHTTP.dll
0x00007ffe1c0e0000 - 0x00007ffe1c14a000 	C:\Windows\system32\mswsock.dll
0x00007ffdffc90000 - 0x00007ffdffca4000 	C:\Program Files\Android\Android Studio\jre\bin\nio.dll
0x00007ffdfc910000 - 0x00007ffdfc937000 	C:\Users\kosmo\.gradle\native\fdc75f09e3144964f2cf3f50f0aa648679c211496f362492102eb8c894070792\windows-amd64\native-platform.dll
0x00007ffde2370000 - 0x00007ffde2506000 	C:\Users\kosmo\.gradle\native\12488b8bf47d2d4c9fbf2f6322a914ad602e24e48041cd04a747c6da556b65c4\windows-amd64\native-platform-file-events.dll
0x00007ffe044f0000 - 0x00007ffe044fa000 	C:\Program Files\Android\Android Studio\jre\bin\management.dll
0x00007ffe04040000 - 0x00007ffe0404c000 	C:\Program Files\Android\Android Studio\jre\bin\management_ext.dll
0x00007ffe1c2d0000 - 0x00007ffe1c2e8000 	C:\Windows\SYSTEM32\CRYPTSP.dll
0x00007ffe1ba60000 - 0x00007ffe1ba94000 	C:\Windows\system32\rsaenh.dll
0x00007ffe1d230000 - 0x00007ffe1d257000 	C:\Windows\System32\bcrypt.dll
0x00007ffe1c900000 - 0x00007ffe1c92e000 	C:\Windows\SYSTEM32\USERENV.dll
0x00007ffe1c2f0000 - 0x00007ffe1c2fc000 	C:\Windows\SYSTEM32\CRYPTBASE.dll
0x00007ffe1bdd0000 - 0x00007ffe1be0b000 	C:\Windows\SYSTEM32\IPHLPAPI.DLL
0x00007ffe1f130000 - 0x00007ffe1f138000 	C:\Windows\System32\NSI.dll
0x00007ffe16b00000 - 0x00007ffe16b17000 	C:\Windows\SYSTEM32\dhcpcsvc6.DLL
0x00007ffe16a10000 - 0x00007ffe16a2d000 	C:\Windows\SYSTEM32\dhcpcsvc.DLL
0x00007ffe1be10000 - 0x00007ffe1bedb000 	C:\Windows\SYSTEM32\DNSAPI.dll
0x00007ffe16bc0000 - 0x00007ffe16bcb000 	C:\Windows\SYSTEM32\WINNSI.DLL

dbghelp: loaded successfully - version: 4.0.5 - missing functions: none
symbol engine: initialized successfully - sym options: 0x614 - pdb path: .;C:\Program Files\Android\Android Studio\jre\bin;C:\Windows\SYSTEM32;C:\Windows\WinSxS\amd64_microsoft.windows.common-controls_6595b64144ccf1df_6.0.19041.1110_none_60b5254171f9507e;C:\Program Files\Android\Android Studio\jre\bin\server;C:\Users\kosmo\.gradle\native\fdc75f09e3144964f2cf3f50f0aa648679c211496f362492102eb8c894070792\windows-amd64;C:\Users\kosmo\.gradle\native\12488b8bf47d2d4c9fbf2f6322a914ad602e24e48041cd04a747c6da556b65c4\windows-amd64

VM Arguments:
jvm_args: --add-opens=java.base/java.util=ALL-UNNAMED --add-opens=java.base/java.lang=ALL-UNNAMED --add-opens=java.base/java.lang.invoke=ALL-UNNAMED --add-opens=java.prefs/java.util.prefs=ALL-UNNAMED -Xmx2048m -Dfile.encoding=UTF-8 -Duser.country=RU -Duser.language=ru -Duser.variant 
java_command: org.gradle.launcher.daemon.bootstrap.GradleDaemon 6.7.1
java_class_path (initial): C:\Users\kosmo\.gradle\wrapper\dists\gradle-6.7.1-bin\bwlcbys1h7rz3272sye1xwiv6\gradle-6.7.1\lib\gradle-launcher-6.7.1.jar
Launcher Type: SUN_STANDARD

[Global flags]
     intx CICompilerCount                          = 4                                         {product} {ergonomic}
     uint ConcGCThreads                            = 2                                         {product} {ergonomic}
     uint G1ConcRefinementThreads                  = 8                                         {product} {ergonomic}
   size_t G1HeapRegionSize                         = 1048576                                   {product} {ergonomic}
    uintx GCDrainStackTargetSize                   = 64                                        {product} {ergonomic}
   size_t InitialHeapSize                          = 268435456                                 {product} {ergonomic}
   size_t MarkStackSize                            = 4194304                                   {product} {ergonomic}
   size_t MaxHeapSize                              = 2147483648                                {product} {command line}
   size_t MaxNewSize                               = 1287651328                                {product} {ergonomic}
   size_t MinHeapDeltaBytes                        = 1048576                                   {product} {ergonomic}
    uintx NonNMethodCodeHeapSize                   = 5836300                                {pd product} {ergonomic}
    uintx NonProfiledCodeHeapSize                  = 122910970                              {pd product} {ergonomic}
    uintx ProfiledCodeHeapSize                     = 122910970                              {pd product} {ergonomic}
    uintx ReservedCodeCacheSize                    = 251658240                              {pd product} {ergonomic}
     bool SegmentedCodeCache                       = true                                      {product} {ergonomic}
     bool UseCompressedClassPointers               = true                                 {lp64_product} {ergonomic}
     bool UseCompressedOops                        = true                                 {lp64_product} {ergonomic}
     bool UseG1GC                                  = true                                      {product} {ergonomic}
     bool UseLargePagesIndividualAllocation        = false                                  {pd product} {ergonomic}

Logging:
Log output configuration:
 #0: stdout all=warning uptime,level,tags
 #1: stderr all=off uptime,level,tags

Environment Variables:
PATH=C:\Program Files\NVIDIA GPU Computing Toolkit\CUDA\v11.4\bin;C:\Program Files\NVIDIA GPU Computing Toolkit\CUDA\v11.4\libnvvp;C:\Program Files\Common Files\Oracle\Java\javapath;C:\Program Files (x86)\Common Files\Oracle\Java\javapath;C:\Program Files (x86)\Razer Chroma SDK\bin;C:\Program Files\Razer Chroma SDK\bin;C:\Program Files (x86)\Razer\ChromaBroadcast\bin;C:\Program Files\Razer\ChromaBroadcast\bin;C:\Windows\system32;C:\Windows;C:\Windows\System32\Wbem;C:\Windows\System32\WindowsPowerShell\v1.0\;C:\Windows\System32\OpenSSH\;C:\Program Files (x86)\NVIDIA Corporation\PhysX\Common;C:\Program Files\NVIDIA Corporation\NVIDIA NvDLISR;C:\Users\kosmo\AppData\Local\Microsoft\WindowsApps;D:\PyCharm 2020.3\bin;C:\Windows\system32\config\systemprofile\AppData\Local\Microsoft\WindowsApps;C:\Program Files\Microsoft SQL Server\Client SDK\ODBC\170\Tools\Binn\;C:\Program Files (x86)\Microsoft SQL Server\150\Tools\Binn\;C:\Program Files\Microsoft SQL Server\150\Tools\Binn\;C:\Program Files\Microsoft SQL Server\150\DTS\Binn\;C:\Program Files\Azure Data Studio\bin;C:\mc\bin;C:\Program Files\Polyspace\R2020b\bin;C:\Program Files\nodejs\;C:\Program Files (x86)\Calibre2\;C:\Program Files (x86)\sbt\bin;C:\Program Files\NVIDIA Corporation\Nsight Compute 2021.2.2\;C:\Program Files\CMake\bin;C:\Program Files\Git\cmd;C:\Users\kosmo\AppData\Local\Microsoft\WindowsApps;D:\PyCharm 2020.3\bin;;C:\Program Files\Azure Data Studio\bin;C:\Users\kosmo\AppData\Local\GitHubDesktop\bin;C:\Users\kosmo\AppData\Roaming\npm;D:\Microsoft VS Code\bin
USERNAME=kosmo
OS=Windows_NT
PROCESSOR_IDENTIFIER=Intel64 Family 6 Model 142 Stepping 10, GenuineIntel



---------------  S Y S T E M  ---------------

OS: Windows 10 , 64 bit Build 19041 (10.0.19041.1348)
OS uptime: 4 days 10:47 hours

CPU:total 8 (initial active 8) (4 cores per cpu, 2 threads per core) family 6 model 142 stepping 10, cmov, cx8, fxsr, mmx, sse, sse2, sse3, ssse3, sse4.1, sse4.2, popcnt, avx, avx2, aes, clmul, erms, 3dnowpref, lzcnt, ht, tsc, tscinvbit, bmi1, bmi2, adx, fma

Memory: 4k page, system-wide physical 16262M (4123M free)
TotalPageFile size 20274M (AvailPageFile size 4M)
current process WorkingSet (physical memory assigned to process): 270M, peak: 270M
current process commit charge ("private bytes"): 448M, peak: 450M

vm_info: OpenJDK 64-Bit Server VM (11.0.8+10-b944.6842174) for windows-amd64 JRE (11.0.8+10-b944.6842174), built on Sep 19 2020 01:11:42 by "builder" with MS VC++ 14.0 (VS2015)

END.
