#
# There is insufficient memory for the Java Runtime Environment to continue.
# Native memory allocation (malloc) failed to allocate 32784 bytes for Chunk::new
# Possible reasons:
#   The system is out of physical RAM or swap space
#   The process is running with CompressedOops enabled, and the Java Heap may be blocking the growth of the native heap
# Possible solutions:
#   Reduce memory load on the system
#   Increase physical memory or swap space
#   Check if swap backing store is full
#   Decrease Java heap size (-Xmx/-Xms)
#   Decrease number of Java threads
#   Decrease Java thread stack sizes (-Xss)
#   Set larger code cache with -XX:ReservedCodeCacheSize=
#   JVM is running with Unscaled Compressed Oops mode in which the Java heap is
#     placed in the first 4GB address space. The Java Heap base address is the
#     maximum limit for the native heap growth. Please use -XX:HeapBaseMinAddress
#     to set the Java Heap base and to place the Java Heap above 4GB virtual address.
# This output file may be truncated or incomplete.
#
#  Out of Memory Error (./src/hotspot/share/memory/arena.cpp:197), pid=10124, tid=18604
#
# JRE version: OpenJDK Runtime Environment (11.0.8+10) (build 11.0.8+10-b944.6842174)
# Java VM: OpenJDK 64-Bit Server VM (11.0.8+10-b944.6842174, mixed mode, tiered, compressed oops, g1 gc, windows-amd64)
# No core dump will be written. Minidumps are not enabled by default on client versions of Windows
#

---------------  S U M M A R Y ------------

Command Line: --add-opens=java.base/java.util=ALL-UNNAMED --add-opens=java.base/java.lang=ALL-UNNAMED --add-opens=java.base/java.lang.invoke=ALL-UNNAMED --add-opens=java.prefs/java.util.prefs=ALL-UNNAMED -Xmx2048m -Dfile.encoding=UTF-8 -Duser.country=RU -Duser.language=ru -Duser.variant org.gradle.launcher.daemon.bootstrap.GradleDaemon 6.7.1

Host: Intel(R) Core(TM) i5-8250U CPU @ 1.60GHz, 8 cores, 15G,  Windows 10 , 64 bit Build 19041 (10.0.19041.1348)
Time: Sun Nov 21 14:40:03 2021 Финляндия (зима) elapsed time: 6 seconds (0d 0h 0m 6s)

---------------  T H R E A D  ---------------

Current thread (0x0000023932f35800):  JavaThread "C2 CompilerThread0" daemon [_thread_in_native, id=18604, stack(0x000000e642a00000,0x000000e642b00000)]


Current CompileTask:
C2:   6792 2485       4       java.io.DataInputStream::readUTF (501 bytes)

Stack: [0x000000e642a00000,0x000000e642b00000]
Native frames: (J=compiled Java code, j=interpreted, Vv=VM code, C=native code)
V  [jvm.dll+0x5de50a]
V  [jvm.dll+0x7122f5]
V  [jvm.dll+0x71384d]
V  [jvm.dll+0x713f03]
V  [jvm.dll+0x23e728]
V  [jvm.dll+0xb899c]
V  [jvm.dll+0xb8e9c]
V  [jvm.dll+0xb8a98]
V  [jvm.dll+0x5be3b0]
V  [jvm.dll+0x1fde0e]
V  [jvm.dll+0x608ff4]
V  [jvm.dll+0x1f6794]
V  [jvm.dll+0x17f32c]
V  [jvm.dll+0x205047]
V  [jvm.dll+0x203891]
V  [jvm.dll+0x6dad3f]
V  [jvm.dll+0x6d3895]
V  [jvm.dll+0x5dd4a6]
C  [ucrtbase.dll+0x21bb2]
C  [KERNEL32.DLL+0x17034]
C  [ntdll.dll+0x52651]


---------------  P R O C E S S  ---------------

Threads class SMR info:
_java_thread_list=0x00000239369782c0, length=28, elements={
0x00000239163ac800, 0x0000023932f0c800, 0x0000023932f0f800, 0x0000023932f32800,
0x0000023932f34800, 0x0000023932f35800, 0x0000023932f86800, 0x0000023932f87800,
0x00000239330de800, 0x0000023933121800, 0x000002393613b000, 0x00000239369d7800,
0x0000023933212000, 0x0000023934e28800, 0x00000239356ad800, 0x000002393544a800,
0x00000239354fb800, 0x00000239353f2800, 0x00000239359d1000, 0x000002393555a000,
0x000002393555b000, 0x000002393555c800, 0x000002393555b800, 0x000002393555d800,
0x000002393555e000, 0x0000023935558800, 0x000002393555f000, 0x0000023935559000
}

Java Threads: ( => current thread )
  0x00000239163ac800 JavaThread "main" [_thread_blocked, id=15148, stack(0x000000e641f00000,0x000000e642000000)]
  0x0000023932f0c800 JavaThread "Reference Handler" daemon [_thread_blocked, id=19592, stack(0x000000e642600000,0x000000e642700000)]
  0x0000023932f0f800 JavaThread "Finalizer" daemon [_thread_blocked, id=24452, stack(0x000000e642700000,0x000000e642800000)]
  0x0000023932f32800 JavaThread "Signal Dispatcher" daemon [_thread_blocked, id=1528, stack(0x000000e642800000,0x000000e642900000)]
  0x0000023932f34800 JavaThread "Attach Listener" daemon [_thread_blocked, id=24680, stack(0x000000e642900000,0x000000e642a00000)]
=>0x0000023932f35800 JavaThread "C2 CompilerThread0" daemon [_thread_in_native, id=18604, stack(0x000000e642a00000,0x000000e642b00000)]
  0x0000023932f86800 JavaThread "C1 CompilerThread0" daemon [_thread_blocked, id=12512, stack(0x000000e642b00000,0x000000e642c00000)]
  0x0000023932f87800 JavaThread "Sweeper thread" daemon [_thread_blocked, id=25904, stack(0x000000e642c00000,0x000000e642d00000)]
  0x00000239330de800 JavaThread "Common-Cleaner" daemon [_thread_blocked, id=21388, stack(0x000000e642d00000,0x000000e642e00000)]
  0x0000023933121800 JavaThread "Service Thread" daemon [_thread_blocked, id=15180, stack(0x000000e642e00000,0x000000e642f00000)]
  0x000002393613b000 JavaThread "Daemon health stats" [_thread_blocked, id=26008, stack(0x000000e643700000,0x000000e643800000)]
  0x00000239369d7800 JavaThread "Incoming local TCP Connector on port 65490" [_thread_in_native, id=25132, stack(0x000000e643800000,0x000000e643900000)]
  0x0000023933212000 JavaThread "Daemon periodic checks" [_thread_blocked, id=26584, stack(0x000000e643900000,0x000000e643a00000)]
  0x0000023934e28800 JavaThread "Daemon" [_thread_blocked, id=5296, stack(0x000000e643a00000,0x000000e643b00000)]
  0x00000239356ad800 JavaThread "Handler for socket connection from /127.0.0.1:65490 to /127.0.0.1:65492" [_thread_in_native, id=19728, stack(0x000000e643b00000,0x000000e643c00000)]
  0x000002393544a800 JavaThread "Cancel handler" [_thread_blocked, id=21992, stack(0x000000e643d00000,0x000000e643e00000)]
  0x00000239354fb800 JavaThread "Daemon worker" [_thread_in_Java, id=14176, stack(0x000000e643e00000,0x000000e643f00000)]
  0x00000239353f2800 JavaThread "Asynchronous log dispatcher for DefaultDaemonConnection: socket connection from /127.0.0.1:65490 to /127.0.0.1:65492" [_thread_blocked, id=10860, stack(0x000000e643f00000,0x000000e644000000)]
  0x00000239359d1000 JavaThread "Stdin handler" [_thread_blocked, id=9552, stack(0x000000e644000000,0x000000e644100000)]
  0x000002393555a000 JavaThread "Thread-8" [_thread_blocked, id=23212, stack(0x000000e644100000,0x000000e644200000)]
  0x000002393555b000 JavaThread "Cache worker for file hash cache (C:\Users\kosmo\.gradle\caches\6.7.1\fileHashes)" [_thread_blocked, id=18776, stack(0x000000e644200000,0x000000e644300000)]
  0x000002393555c800 JavaThread "File lock request listener" [_thread_in_native, id=21888, stack(0x000000e644300000,0x000000e644400000)]
  0x000002393555b800 JavaThread "Cache worker for journal cache (C:\Users\kosmo\.gradle\caches\journal-1)" [_thread_blocked, id=17236, stack(0x000000e644600000,0x000000e644700000)]
  0x000002393555d800 JavaThread "Cache worker for file hash cache (D:\AndroidLabs\Lab2\.gradle\6.7.1\fileHashes)" [_thread_blocked, id=24936, stack(0x000000e644800000,0x000000e644900000)]
  0x000002393555e000 JavaThread "Cache worker for checksums cache (D:\AndroidLabs\Lab2\.gradle\checksums)" [_thread_blocked, id=6412, stack(0x000000e644700000,0x000000e644800000)]
  0x0000023935558800 JavaThread "Cache worker for cache directory md-supplier (C:\Users\kosmo\.gradle\caches\6.7.1\md-supplier)" [_thread_blocked, id=18972, stack(0x000000e644900000,0x000000e644a00000)]
  0x000002393555f000 JavaThread "Cache worker for cache directory md-rule (C:\Users\kosmo\.gradle\caches\6.7.1\md-rule)" [_thread_blocked, id=25116, stack(0x000000e644a00000,0x000000e644b00000)]
  0x0000023935559000 JavaThread "Cache worker for execution history cache (C:\Users\kosmo\.gradle\caches\6.7.1\executionHistory)" [_thread_blocked, id=18712, stack(0x000000e644c00000,0x000000e644d00000)]
  0x000002393617c000 JavaThread "C2 CompilerThread1" daemon [_thread_in_vm, id=21328, stack(0x000000e644b00000,0x000000e644c00000)]

Other Threads:
  0x0000023932f08000 VMThread "VM Thread" [stack: 0x000000e642500000,0x000000e642600000] [id=21308]
  0x0000023933122000 WatcherThread [stack: 0x000000e642f00000,0x000000e643000000] [id=23208]
  0x00000239163c4000 GCTaskThread "GC Thread#0" [stack: 0x000000e642000000,0x000000e642100000] [id=10248]
  0x0000023934063800 GCTaskThread "GC Thread#1" [stack: 0x000000e643200000,0x000000e643300000] [id=14348]
  0x0000023933e7b000 GCTaskThread "GC Thread#2" [stack: 0x000000e643300000,0x000000e643400000] [id=5228]
  0x0000023933c39000 GCTaskThread "GC Thread#3" [stack: 0x000000e643400000,0x000000e643500000] [id=20652]
  0x0000023933c39800 GCTaskThread "GC Thread#4" [stack: 0x000000e643500000,0x000000e643600000] [id=8608]
  0x0000023933c3a800 GCTaskThread "GC Thread#5" [stack: 0x000000e643600000,0x000000e643700000] [id=13188]
  0x00000239354a8000 GCTaskThread "GC Thread#6" [stack: 0x000000e643c00000,0x000000e643d00000] [id=13396]
  0x0000023934e1f800 GCTaskThread "GC Thread#7" [stack: 0x000000e644400000,0x000000e644500000] [id=14664]
  0x00000239163f5000 ConcurrentGCThread "G1 Main Marker" [stack: 0x000000e642100000,0x000000e642200000] [id=13936]
  0x00000239163f7800 ConcurrentGCThread "G1 Conc#0" [stack: 0x000000e642200000,0x000000e642300000] [id=1472]
  0x0000023934ec7800 ConcurrentGCThread "G1 Conc#1" [stack: 0x000000e644500000,0x000000e644600000] [id=17680]
  0x0000023932556800 ConcurrentGCThread "G1 Refine#0" [stack: 0x000000e642300000,0x000000e642400000] [id=22168]
  0x0000023932559800 ConcurrentGCThread "G1 Young RemSet Sampling" [stack: 0x000000e642400000,0x000000e642500000] [id=26564]

Threads with active compile tasks:
C2 CompilerThread0   6838 2485       4       java.io.DataInputStream::readUTF (501 bytes)
C1 CompilerThread0   6838 2511       1       org.codehaus.groovy.reflection.GeneratedMetaMethod::getDeclaringClass (5 bytes)
C2 CompilerThread1   6838 2503  s!   4       jdk.internal.loader.URLClassPath::getLoader (194 bytes)

VM state:not at safepoint (normal execution)

VM Mutex/Monitor currently owned by a thread: None

Heap address: 0x0000000080000000, size: 2048 MB, Compressed Oops mode: 32-bit
Narrow klass base: 0x0000000000000000, Narrow klass shift: 3
Compressed class space size: 1073741824 Address: 0x0000000100000000

Heap:
 garbage-first heap   total 262144K, used 75873K [0x0000000080000000, 0x0000000100000000)
  region size 1024K, 60 young (61440K), 2 survivors (2048K)
 Metaspace       used 30348K, capacity 30969K, committed 31152K, reserved 1077248K
  class space    used 4050K, capacity 4261K, committed 4352K, reserved 1048576K
Heap Regions: E=young(eden), S=young(survivor), O=old, HS=humongous(starts), HC=humongous(continues), CS=collection set, F=free, A=archive, TAMS=top-at-mark-start (previous, next)
|   0|0x0000000080000000, 0x0000000080100000, 0x0000000080100000|100%| O|  |TAMS 0x0000000080000000, 0x0000000080000000| Untracked 
|   1|0x0000000080100000, 0x0000000080200000, 0x0000000080200000|100%| O|  |TAMS 0x0000000080100000, 0x0000000080100000| Untracked 
|   2|0x0000000080200000, 0x0000000080300000, 0x0000000080300000|100%| O|  |TAMS 0x0000000080200000, 0x0000000080200000| Untracked 
|   3|0x0000000080300000, 0x0000000080400000, 0x0000000080400000|100%|HS|  |TAMS 0x0000000080400000, 0x0000000080300000| Complete 
|   4|0x0000000080400000, 0x0000000080500000, 0x0000000080500000|100%|HC|  |TAMS 0x0000000080500000, 0x0000000080400000| Complete 
|   5|0x0000000080500000, 0x0000000080600000, 0x0000000080600000|100%|HC|  |TAMS 0x0000000080600000, 0x0000000080500000| Complete 
|   6|0x0000000080600000, 0x0000000080700000, 0x0000000080700000|100%| O|  |TAMS 0x0000000080700000, 0x0000000080600000| Untracked 
|   7|0x0000000080700000, 0x0000000080800000, 0x0000000080800000|100%| O|  |TAMS 0x0000000080800000, 0x0000000080700000| Untracked 
|   8|0x0000000080800000, 0x0000000080900000, 0x0000000080900000|100%| O|  |TAMS 0x0000000080897200, 0x0000000080800000| Untracked 
|   9|0x0000000080900000, 0x0000000080a00000, 0x0000000080a00000|100%| O|  |TAMS 0x0000000080900000, 0x0000000080900000| Untracked 
|  10|0x0000000080a00000, 0x0000000080b00000, 0x0000000080b00000|100%| O|  |TAMS 0x0000000080a00000, 0x0000000080a00000| Untracked 
|  11|0x0000000080b00000, 0x0000000080c00000, 0x0000000080c00000|100%| O|  |TAMS 0x0000000080b00000, 0x0000000080b00000| Untracked 
|  12|0x0000000080c00000, 0x0000000080d00000, 0x0000000080d00000|100%| O|  |TAMS 0x0000000080c00000, 0x0000000080c00000| Untracked 
|  13|0x0000000080d00000, 0x0000000080e00000, 0x0000000080e00000|100%| O|  |TAMS 0x0000000080d00000, 0x0000000080d00000| Untracked 
|  14|0x0000000080e00000, 0x0000000080f00000, 0x0000000080f00000|100%| O|  |TAMS 0x0000000080e00000, 0x0000000080e00000| Untracked 
|  15|0x0000000080f00000, 0x0000000080f8b400, 0x0000000081000000| 54%| O|  |TAMS 0x0000000080f00000, 0x0000000080f00000| Untracked 
|  16|0x0000000081000000, 0x0000000081000000, 0x0000000081100000|  0%| F|  |TAMS 0x0000000081000000, 0x0000000081000000| Untracked 
|  17|0x0000000081100000, 0x0000000081100000, 0x0000000081200000|  0%| F|  |TAMS 0x0000000081100000, 0x0000000081100000| Untracked 
|  18|0x0000000081200000, 0x0000000081200000, 0x0000000081300000|  0%| F|  |TAMS 0x0000000081200000, 0x0000000081200000| Untracked 
|  19|0x0000000081300000, 0x0000000081300000, 0x0000000081400000|  0%| F|  |TAMS 0x0000000081300000, 0x0000000081300000| Untracked 
|  20|0x0000000081400000, 0x0000000081400000, 0x0000000081500000|  0%| F|  |TAMS 0x0000000081400000, 0x0000000081400000| Untracked 
|  21|0x0000000081500000, 0x0000000081500000, 0x0000000081600000|  0%| F|  |TAMS 0x0000000081500000, 0x0000000081500000| Untracked 
|  22|0x0000000081600000, 0x0000000081600000, 0x0000000081700000|  0%| F|  |TAMS 0x0000000081600000, 0x0000000081600000| Untracked 
|  23|0x0000000081700000, 0x0000000081700000, 0x0000000081800000|  0%| F|  |TAMS 0x0000000081700000, 0x0000000081700000| Untracked 
|  24|0x0000000081800000, 0x0000000081800000, 0x0000000081900000|  0%| F|  |TAMS 0x0000000081800000, 0x0000000081800000| Untracked 
|  25|0x0000000081900000, 0x0000000081900000, 0x0000000081a00000|  0%| F|  |TAMS 0x0000000081900000, 0x0000000081900000| Untracked 
|  26|0x0000000081a00000, 0x0000000081a00000, 0x0000000081b00000|  0%| F|  |TAMS 0x0000000081a00000, 0x0000000081a00000| Untracked 
|  27|0x0000000081b00000, 0x0000000081b00000, 0x0000000081c00000|  0%| F|  |TAMS 0x0000000081b00000, 0x0000000081b00000| Untracked 
|  28|0x0000000081c00000, 0x0000000081c00000, 0x0000000081d00000|  0%| F|  |TAMS 0x0000000081c00000, 0x0000000081c00000| Untracked 
|  29|0x0000000081d00000, 0x0000000081d00000, 0x0000000081e00000|  0%| F|  |TAMS 0x0000000081d00000, 0x0000000081d00000| Untracked 
|  30|0x0000000081e00000, 0x0000000081e00000, 0x0000000081f00000|  0%| F|  |TAMS 0x0000000081e00000, 0x0000000081e00000| Untracked 
|  31|0x0000000081f00000, 0x0000000081f00000, 0x0000000082000000|  0%| F|  |TAMS 0x0000000081f00000, 0x0000000081f00000| Untracked 
|  32|0x0000000082000000, 0x0000000082000000, 0x0000000082100000|  0%| F|  |TAMS 0x0000000082000000, 0x0000000082000000| Untracked 
|  33|0x0000000082100000, 0x0000000082100000, 0x0000000082200000|  0%| F|  |TAMS 0x0000000082100000, 0x0000000082100000| Untracked 
|  34|0x0000000082200000, 0x0000000082200000, 0x0000000082300000|  0%| F|  |TAMS 0x0000000082200000, 0x0000000082200000| Untracked 
|  35|0x0000000082300000, 0x0000000082300000, 0x0000000082400000|  0%| F|  |TAMS 0x0000000082300000, 0x0000000082300000| Untracked 
|  36|0x0000000082400000, 0x0000000082400000, 0x0000000082500000|  0%| F|  |TAMS 0x0000000082400000, 0x0000000082400000| Untracked 
|  37|0x0000000082500000, 0x0000000082500000, 0x0000000082600000|  0%| F|  |TAMS 0x0000000082500000, 0x0000000082500000| Untracked 
|  38|0x0000000082600000, 0x0000000082600000, 0x0000000082700000|  0%| F|  |TAMS 0x0000000082600000, 0x0000000082600000| Untracked 
|  39|0x0000000082700000, 0x0000000082700000, 0x0000000082800000|  0%| F|  |TAMS 0x0000000082700000, 0x0000000082700000| Untracked 
|  40|0x0000000082800000, 0x0000000082800000, 0x0000000082900000|  0%| F|  |TAMS 0x0000000082800000, 0x0000000082800000| Untracked 
|  41|0x0000000082900000, 0x0000000082900000, 0x0000000082a00000|  0%| F|  |TAMS 0x0000000082900000, 0x0000000082900000| Untracked 
|  42|0x0000000082a00000, 0x0000000082a00000, 0x0000000082b00000|  0%| F|  |TAMS 0x0000000082a00000, 0x0000000082a00000| Untracked 
|  43|0x0000000082b00000, 0x0000000082b00000, 0x0000000082c00000|  0%| F|  |TAMS 0x0000000082b00000, 0x0000000082b00000| Untracked 
|  44|0x0000000082c00000, 0x0000000082c00000, 0x0000000082d00000|  0%| F|  |TAMS 0x0000000082c00000, 0x0000000082c00000| Untracked 
|  45|0x0000000082d00000, 0x0000000082d00000, 0x0000000082e00000|  0%| F|  |TAMS 0x0000000082d00000, 0x0000000082d00000| Untracked 
|  46|0x0000000082e00000, 0x0000000082e00000, 0x0000000082f00000|  0%| F|  |TAMS 0x0000000082e00000, 0x0000000082e00000| Untracked 
|  47|0x0000000082f00000, 0x0000000082f00000, 0x0000000083000000|  0%| F|  |TAMS 0x0000000082f00000, 0x0000000082f00000| Untracked 
|  48|0x0000000083000000, 0x0000000083000000, 0x0000000083100000|  0%| F|  |TAMS 0x0000000083000000, 0x0000000083000000| Untracked 
|  49|0x0000000083100000, 0x0000000083100000, 0x0000000083200000|  0%| F|  |TAMS 0x0000000083100000, 0x0000000083100000| Untracked 
|  50|0x0000000083200000, 0x0000000083200000, 0x0000000083300000|  0%| F|  |TAMS 0x0000000083200000, 0x0000000083200000| Untracked 
|  51|0x0000000083300000, 0x0000000083300000, 0x0000000083400000|  0%| F|  |TAMS 0x0000000083300000, 0x0000000083300000| Untracked 
|  52|0x0000000083400000, 0x0000000083400000, 0x0000000083500000|  0%| F|  |TAMS 0x0000000083400000, 0x0000000083400000| Untracked 
|  53|0x0000000083500000, 0x0000000083500000, 0x0000000083600000|  0%| F|  |TAMS 0x0000000083500000, 0x0000000083500000| Untracked 
|  54|0x0000000083600000, 0x0000000083600000, 0x0000000083700000|  0%| F|  |TAMS 0x0000000083600000, 0x0000000083600000| Untracked 
|  55|0x0000000083700000, 0x0000000083700000, 0x0000000083800000|  0%| F|  |TAMS 0x0000000083700000, 0x0000000083700000| Untracked 
|  56|0x0000000083800000, 0x0000000083800000, 0x0000000083900000|  0%| F|  |TAMS 0x0000000083800000, 0x0000000083800000| Untracked 
|  57|0x0000000083900000, 0x0000000083900000, 0x0000000083a00000|  0%| F|  |TAMS 0x0000000083900000, 0x0000000083900000| Untracked 
|  58|0x0000000083a00000, 0x0000000083a00000, 0x0000000083b00000|  0%| F|  |TAMS 0x0000000083a00000, 0x0000000083a00000| Untracked 
|  59|0x0000000083b00000, 0x0000000083b00000, 0x0000000083c00000|  0%| F|  |TAMS 0x0000000083b00000, 0x0000000083b00000| Untracked 
|  60|0x0000000083c00000, 0x0000000083c00000, 0x0000000083d00000|  0%| F|  |TAMS 0x0000000083c00000, 0x0000000083c00000| Untracked 
|  61|0x0000000083d00000, 0x0000000083d00000, 0x0000000083e00000|  0%| F|  |TAMS 0x0000000083d00000, 0x0000000083d00000| Untracked 
|  62|0x0000000083e00000, 0x0000000083e00000, 0x0000000083f00000|  0%| F|  |TAMS 0x0000000083e00000, 0x0000000083e00000| Untracked 
|  63|0x0000000083f00000, 0x0000000083f00000, 0x0000000084000000|  0%| F|  |TAMS 0x0000000083f00000, 0x0000000083f00000| Untracked 
|  64|0x0000000084000000, 0x0000000084000000, 0x0000000084100000|  0%| F|  |TAMS 0x0000000084000000, 0x0000000084000000| Untracked 
|  65|0x0000000084100000, 0x0000000084100000, 0x0000000084200000|  0%| F|  |TAMS 0x0000000084100000, 0x0000000084100000| Untracked 
|  66|0x0000000084200000, 0x0000000084200000, 0x0000000084300000|  0%| F|  |TAMS 0x0000000084200000, 0x0000000084200000| Untracked 
|  67|0x0000000084300000, 0x0000000084300000, 0x0000000084400000|  0%| F|  |TAMS 0x0000000084300000, 0x0000000084300000| Untracked 
|  68|0x0000000084400000, 0x0000000084400000, 0x0000000084500000|  0%| F|  |TAMS 0x0000000084400000, 0x0000000084400000| Untracked 
|  69|0x0000000084500000, 0x0000000084500000, 0x0000000084600000|  0%| F|  |TAMS 0x0000000084500000, 0x0000000084500000| Untracked 
|  70|0x0000000084600000, 0x0000000084600000, 0x0000000084700000|  0%| F|  |TAMS 0x0000000084600000, 0x0000000084600000| Untracked 
|  71|0x0000000084700000, 0x0000000084700000, 0x0000000084800000|  0%| F|  |TAMS 0x0000000084700000, 0x0000000084700000| Untracked 
|  72|0x0000000084800000, 0x0000000084800000, 0x0000000084900000|  0%| F|  |TAMS 0x0000000084800000, 0x0000000084800000| Untracked 
|  73|0x0000000084900000, 0x0000000084900000, 0x0000000084a00000|  0%| F|  |TAMS 0x0000000084900000, 0x0000000084900000| Untracked 
|  74|0x0000000084a00000, 0x0000000084a00000, 0x0000000084b00000|  0%| F|  |TAMS 0x0000000084a00000, 0x0000000084a00000| Untracked 
|  75|0x0000000084b00000, 0x0000000084b00000, 0x0000000084c00000|  0%| F|  |TAMS 0x0000000084b00000, 0x0000000084b00000| Untracked 
|  76|0x0000000084c00000, 0x0000000084c00000, 0x0000000084d00000|  0%| F|  |TAMS 0x0000000084c00000, 0x0000000084c00000| Untracked 
|  77|0x0000000084d00000, 0x0000000084d00000, 0x0000000084e00000|  0%| F|  |TAMS 0x0000000084d00000, 0x0000000084d00000| Untracked 
|  78|0x0000000084e00000, 0x0000000084e00000, 0x0000000084f00000|  0%| F|  |TAMS 0x0000000084e00000, 0x0000000084e00000| Untracked 
|  79|0x0000000084f00000, 0x0000000084f00000, 0x0000000085000000|  0%| F|  |TAMS 0x0000000084f00000, 0x0000000084f00000| Untracked 
|  80|0x0000000085000000, 0x0000000085000000, 0x0000000085100000|  0%| F|  |TAMS 0x0000000085000000, 0x0000000085000000| Untracked 
|  81|0x0000000085100000, 0x0000000085100000, 0x0000000085200000|  0%| F|  |TAMS 0x0000000085100000, 0x0000000085100000| Untracked 
|  82|0x0000000085200000, 0x0000000085200000, 0x0000000085300000|  0%| F|  |TAMS 0x0000000085200000, 0x0000000085200000| Untracked 
|  83|0x0000000085300000, 0x0000000085300000, 0x0000000085400000|  0%| F|  |TAMS 0x0000000085300000, 0x0000000085300000| Untracked 
|  84|0x0000000085400000, 0x0000000085400000, 0x0000000085500000|  0%| F|  |TAMS 0x0000000085400000, 0x0000000085400000| Untracked 
|  85|0x0000000085500000, 0x0000000085500000, 0x0000000085600000|  0%| F|  |TAMS 0x0000000085500000, 0x0000000085500000| Untracked 
|  86|0x0000000085600000, 0x0000000085600000, 0x0000000085700000|  0%| F|  |TAMS 0x0000000085600000, 0x0000000085600000| Untracked 
|  87|0x0000000085700000, 0x0000000085700000, 0x0000000085800000|  0%| F|  |TAMS 0x0000000085700000, 0x0000000085700000| Untracked 
|  88|0x0000000085800000, 0x0000000085800000, 0x0000000085900000|  0%| F|  |TAMS 0x0000000085800000, 0x0000000085800000| Untracked 
|  89|0x0000000085900000, 0x0000000085900000, 0x0000000085a00000|  0%| F|  |TAMS 0x0000000085900000, 0x0000000085900000| Untracked 
|  90|0x0000000085a00000, 0x0000000085a00000, 0x0000000085b00000|  0%| F|  |TAMS 0x0000000085a00000, 0x0000000085a00000| Untracked 
|  91|0x0000000085b00000, 0x0000000085b00000, 0x0000000085c00000|  0%| F|  |TAMS 0x0000000085b00000, 0x0000000085b00000| Untracked 
|  92|0x0000000085c00000, 0x0000000085c00000, 0x0000000085d00000|  0%| F|  |TAMS 0x0000000085c00000, 0x0000000085c00000| Untracked 
|  93|0x0000000085d00000, 0x0000000085d00000, 0x0000000085e00000|  0%| F|  |TAMS 0x0000000085d00000, 0x0000000085d00000| Untracked 
|  94|0x0000000085e00000, 0x0000000085e00000, 0x0000000085f00000|  0%| F|  |TAMS 0x0000000085e00000, 0x0000000085e00000| Untracked 
|  95|0x0000000085f00000, 0x0000000085f00000, 0x0000000086000000|  0%| F|  |TAMS 0x0000000085f00000, 0x0000000085f00000| Untracked 
|  96|0x0000000086000000, 0x0000000086000000, 0x0000000086100000|  0%| F|  |TAMS 0x0000000086000000, 0x0000000086000000| Untracked 
|  97|0x0000000086100000, 0x0000000086100000, 0x0000000086200000|  0%| F|  |TAMS 0x0000000086100000, 0x0000000086100000| Untracked 
|  98|0x0000000086200000, 0x0000000086200000, 0x0000000086300000|  0%| F|  |TAMS 0x0000000086200000, 0x0000000086200000| Untracked 
|  99|0x0000000086300000, 0x0000000086300000, 0x0000000086400000|  0%| F|  |TAMS 0x0000000086300000, 0x0000000086300000| Untracked 
| 100|0x0000000086400000, 0x0000000086400000, 0x0000000086500000|  0%| F|  |TAMS 0x0000000086400000, 0x0000000086400000| Untracked 
| 101|0x0000000086500000, 0x0000000086500000, 0x0000000086600000|  0%| F|  |TAMS 0x0000000086500000, 0x0000000086500000| Untracked 
| 102|0x0000000086600000, 0x0000000086600000, 0x0000000086700000|  0%| F|  |TAMS 0x0000000086600000, 0x0000000086600000| Untracked 
| 103|0x0000000086700000, 0x0000000086700000, 0x0000000086800000|  0%| F|  |TAMS 0x0000000086700000, 0x0000000086700000| Untracked 
| 104|0x0000000086800000, 0x0000000086800000, 0x0000000086900000|  0%| F|  |TAMS 0x0000000086800000, 0x0000000086800000| Untracked 
| 105|0x0000000086900000, 0x0000000086900000, 0x0000000086a00000|  0%| F|  |TAMS 0x0000000086900000, 0x0000000086900000| Untracked 
| 106|0x0000000086a00000, 0x0000000086a00000, 0x0000000086b00000|  0%| F|  |TAMS 0x0000000086a00000, 0x0000000086a00000| Untracked 
| 107|0x0000000086b00000, 0x0000000086b00000, 0x0000000086c00000|  0%| F|  |TAMS 0x0000000086b00000, 0x0000000086b00000| Untracked 
| 108|0x0000000086c00000, 0x0000000086c00000, 0x0000000086d00000|  0%| F|  |TAMS 0x0000000086c00000, 0x0000000086c00000| Untracked 
| 109|0x0000000086d00000, 0x0000000086d00000, 0x0000000086e00000|  0%| F|  |TAMS 0x0000000086d00000, 0x0000000086d00000| Untracked 
| 110|0x0000000086e00000, 0x0000000086e00000, 0x0000000086f00000|  0%| F|  |TAMS 0x0000000086e00000, 0x0000000086e00000| Untracked 
| 111|0x0000000086f00000, 0x0000000086f00000, 0x0000000087000000|  0%| F|  |TAMS 0x0000000086f00000, 0x0000000086f00000| Untracked 
| 112|0x0000000087000000, 0x0000000087000000, 0x0000000087100000|  0%| F|  |TAMS 0x0000000087000000, 0x0000000087000000| Untracked 
| 113|0x0000000087100000, 0x0000000087100000, 0x0000000087200000|  0%| F|  |TAMS 0x0000000087100000, 0x0000000087100000| Untracked 
| 114|0x0000000087200000, 0x0000000087200000, 0x0000000087300000|  0%| F|  |TAMS 0x0000000087200000, 0x0000000087200000| Untracked 
| 115|0x0000000087300000, 0x0000000087300000, 0x0000000087400000|  0%| F|  |TAMS 0x0000000087300000, 0x0000000087300000| Untracked 
| 116|0x0000000087400000, 0x0000000087400000, 0x0000000087500000|  0%| F|  |TAMS 0x0000000087400000, 0x0000000087400000| Untracked 
| 117|0x0000000087500000, 0x0000000087500000, 0x0000000087600000|  0%| F|  |TAMS 0x0000000087500000, 0x0000000087500000| Untracked 
| 118|0x0000000087600000, 0x0000000087600000, 0x0000000087700000|  0%| F|  |TAMS 0x0000000087600000, 0x0000000087600000| Untracked 
| 119|0x0000000087700000, 0x0000000087700000, 0x0000000087800000|  0%| F|  |TAMS 0x0000000087700000, 0x0000000087700000| Untracked 
| 120|0x0000000087800000, 0x0000000087800000, 0x0000000087900000|  0%| F|  |TAMS 0x0000000087800000, 0x0000000087800000| Untracked 
| 121|0x0000000087900000, 0x0000000087900000, 0x0000000087a00000|  0%| F|  |TAMS 0x0000000087900000, 0x0000000087900000| Untracked 
| 122|0x0000000087a00000, 0x0000000087a00000, 0x0000000087b00000|  0%| F|  |TAMS 0x0000000087a00000, 0x0000000087a00000| Untracked 
| 123|0x0000000087b00000, 0x0000000087b00000, 0x0000000087c00000|  0%| F|  |TAMS 0x0000000087b00000, 0x0000000087b00000| Untracked 
| 124|0x0000000087c00000, 0x0000000087c00000, 0x0000000087d00000|  0%| F|  |TAMS 0x0000000087c00000, 0x0000000087c00000| Untracked 
| 125|0x0000000087d00000, 0x0000000087d00000, 0x0000000087e00000|  0%| F|  |TAMS 0x0000000087d00000, 0x0000000087d00000| Untracked 
| 126|0x0000000087e00000, 0x0000000087e00000, 0x0000000087f00000|  0%| F|  |TAMS 0x0000000087e00000, 0x0000000087e00000| Untracked 
| 127|0x0000000087f00000, 0x0000000087f00000, 0x0000000088000000|  0%| F|  |TAMS 0x0000000087f00000, 0x0000000087f00000| Untracked 
| 128|0x0000000088000000, 0x0000000088000000, 0x0000000088100000|  0%| F|  |TAMS 0x0000000088000000, 0x0000000088000000| Untracked 
| 129|0x0000000088100000, 0x0000000088100000, 0x0000000088200000|  0%| F|  |TAMS 0x0000000088100000, 0x0000000088100000| Untracked 
| 130|0x0000000088200000, 0x0000000088200000, 0x0000000088300000|  0%| F|  |TAMS 0x0000000088200000, 0x0000000088200000| Untracked 
| 131|0x0000000088300000, 0x0000000088300000, 0x0000000088400000|  0%| F|  |TAMS 0x0000000088300000, 0x0000000088300000| Untracked 
| 132|0x0000000088400000, 0x0000000088400000, 0x0000000088500000|  0%| F|  |TAMS 0x0000000088400000, 0x0000000088400000| Untracked 
| 133|0x0000000088500000, 0x0000000088500000, 0x0000000088600000|  0%| F|  |TAMS 0x0000000088500000, 0x0000000088500000| Untracked 
| 134|0x0000000088600000, 0x0000000088600000, 0x0000000088700000|  0%| F|  |TAMS 0x0000000088600000, 0x0000000088600000| Untracked 
| 135|0x0000000088700000, 0x0000000088700000, 0x0000000088800000|  0%| F|  |TAMS 0x0000000088700000, 0x0000000088700000| Untracked 
| 136|0x0000000088800000, 0x0000000088800000, 0x0000000088900000|  0%| F|  |TAMS 0x0000000088800000, 0x0000000088800000| Untracked 
| 137|0x0000000088900000, 0x0000000088900000, 0x0000000088a00000|  0%| F|  |TAMS 0x0000000088900000, 0x0000000088900000| Untracked 
| 138|0x0000000088a00000, 0x0000000088a00000, 0x0000000088b00000|  0%| F|  |TAMS 0x0000000088a00000, 0x0000000088a00000| Untracked 
| 139|0x0000000088b00000, 0x0000000088b00000, 0x0000000088c00000|  0%| F|  |TAMS 0x0000000088b00000, 0x0000000088b00000| Untracked 
| 140|0x0000000088c00000, 0x0000000088c00000, 0x0000000088d00000|  0%| F|  |TAMS 0x0000000088c00000, 0x0000000088c00000| Untracked 
| 141|0x0000000088d00000, 0x0000000088d00000, 0x0000000088e00000|  0%| F|  |TAMS 0x0000000088d00000, 0x0000000088d00000| Untracked 
| 142|0x0000000088e00000, 0x0000000088e00000, 0x0000000088f00000|  0%| F|  |TAMS 0x0000000088e00000, 0x0000000088e00000| Untracked 
| 143|0x0000000088f00000, 0x0000000088f00000, 0x0000000089000000|  0%| F|  |TAMS 0x0000000088f00000, 0x0000000088f00000| Untracked 
| 144|0x0000000089000000, 0x0000000089000000, 0x0000000089100000|  0%| F|  |TAMS 0x0000000089000000, 0x0000000089000000| Untracked 
| 145|0x0000000089100000, 0x0000000089100000, 0x0000000089200000|  0%| F|  |TAMS 0x0000000089100000, 0x0000000089100000| Untracked 
| 146|0x0000000089200000, 0x0000000089200000, 0x0000000089300000|  0%| F|  |TAMS 0x0000000089200000, 0x0000000089200000| Untracked 
| 147|0x0000000089300000, 0x0000000089300000, 0x0000000089400000|  0%| F|  |TAMS 0x0000000089300000, 0x0000000089300000| Untracked 
| 148|0x0000000089400000, 0x0000000089400000, 0x0000000089500000|  0%| F|  |TAMS 0x0000000089400000, 0x0000000089400000| Untracked 
| 149|0x0000000089500000, 0x0000000089500000, 0x0000000089600000|  0%| F|  |TAMS 0x0000000089500000, 0x0000000089500000| Untracked 
| 150|0x0000000089600000, 0x0000000089600000, 0x0000000089700000|  0%| F|  |TAMS 0x0000000089600000, 0x0000000089600000| Untracked 
| 151|0x0000000089700000, 0x0000000089700000, 0x0000000089800000|  0%| F|  |TAMS 0x0000000089700000, 0x0000000089700000| Untracked 
| 152|0x0000000089800000, 0x0000000089800000, 0x0000000089900000|  0%| F|  |TAMS 0x0000000089800000, 0x0000000089800000| Untracked 
| 153|0x0000000089900000, 0x0000000089900000, 0x0000000089a00000|  0%| F|  |TAMS 0x0000000089900000, 0x0000000089900000| Untracked 
| 154|0x0000000089a00000, 0x0000000089a00000, 0x0000000089b00000|  0%| F|  |TAMS 0x0000000089a00000, 0x0000000089a00000| Untracked 
| 155|0x0000000089b00000, 0x0000000089b00000, 0x0000000089c00000|  0%| F|  |TAMS 0x0000000089b00000, 0x0000000089b00000| Untracked 
| 156|0x0000000089c00000, 0x0000000089c00000, 0x0000000089d00000|  0%| F|  |TAMS 0x0000000089c00000, 0x0000000089c00000| Untracked 
| 157|0x0000000089d00000, 0x0000000089d00000, 0x0000000089e00000|  0%| F|  |TAMS 0x0000000089d00000, 0x0000000089d00000| Untracked 
| 158|0x0000000089e00000, 0x0000000089e00000, 0x0000000089f00000|  0%| F|  |TAMS 0x0000000089e00000, 0x0000000089e00000| Untracked 
| 159|0x0000000089f00000, 0x0000000089f00000, 0x000000008a000000|  0%| F|  |TAMS 0x0000000089f00000, 0x0000000089f00000| Untracked 
| 160|0x000000008a000000, 0x000000008a000000, 0x000000008a100000|  0%| F|  |TAMS 0x000000008a000000, 0x000000008a000000| Untracked 
| 161|0x000000008a100000, 0x000000008a100000, 0x000000008a200000|  0%| F|  |TAMS 0x000000008a100000, 0x000000008a100000| Untracked 
| 162|0x000000008a200000, 0x000000008a200000, 0x000000008a300000|  0%| F|  |TAMS 0x000000008a200000, 0x000000008a200000| Untracked 
| 163|0x000000008a300000, 0x000000008a300000, 0x000000008a400000|  0%| F|  |TAMS 0x000000008a300000, 0x000000008a300000| Untracked 
| 164|0x000000008a400000, 0x000000008a400000, 0x000000008a500000|  0%| F|  |TAMS 0x000000008a400000, 0x000000008a400000| Untracked 
| 165|0x000000008a500000, 0x000000008a500000, 0x000000008a600000|  0%| F|  |TAMS 0x000000008a500000, 0x000000008a500000| Untracked 
| 166|0x000000008a600000, 0x000000008a600000, 0x000000008a700000|  0%| F|  |TAMS 0x000000008a600000, 0x000000008a600000| Untracked 
| 167|0x000000008a700000, 0x000000008a700000, 0x000000008a800000|  0%| F|  |TAMS 0x000000008a700000, 0x000000008a700000| Untracked 
| 168|0x000000008a800000, 0x000000008a800000, 0x000000008a900000|  0%| F|  |TAMS 0x000000008a800000, 0x000000008a800000| Untracked 
| 169|0x000000008a900000, 0x000000008a900000, 0x000000008aa00000|  0%| F|  |TAMS 0x000000008a900000, 0x000000008a900000| Untracked 
| 170|0x000000008aa00000, 0x000000008aa00000, 0x000000008ab00000|  0%| F|  |TAMS 0x000000008aa00000, 0x000000008aa00000| Untracked 
| 171|0x000000008ab00000, 0x000000008ab00000, 0x000000008ac00000|  0%| F|  |TAMS 0x000000008ab00000, 0x000000008ab00000| Untracked 
| 172|0x000000008ac00000, 0x000000008ac00000, 0x000000008ad00000|  0%| F|  |TAMS 0x000000008ac00000, 0x000000008ac00000| Untracked 
| 173|0x000000008ad00000, 0x000000008ad00000, 0x000000008ae00000|  0%| F|  |TAMS 0x000000008ad00000, 0x000000008ad00000| Untracked 
| 174|0x000000008ae00000, 0x000000008ae00000, 0x000000008af00000|  0%| F|  |TAMS 0x000000008ae00000, 0x000000008ae00000| Untracked 
| 175|0x000000008af00000, 0x000000008af00000, 0x000000008b000000|  0%| F|  |TAMS 0x000000008af00000, 0x000000008af00000| Untracked 
| 176|0x000000008b000000, 0x000000008b000000, 0x000000008b100000|  0%| F|  |TAMS 0x000000008b000000, 0x000000008b000000| Untracked 
| 177|0x000000008b100000, 0x000000008b100000, 0x000000008b200000|  0%| F|  |TAMS 0x000000008b100000, 0x000000008b100000| Untracked 
| 178|0x000000008b200000, 0x000000008b200000, 0x000000008b300000|  0%| F|  |TAMS 0x000000008b200000, 0x000000008b200000| Untracked 
| 179|0x000000008b300000, 0x000000008b300000, 0x000000008b400000|  0%| F|  |TAMS 0x000000008b300000, 0x000000008b300000| Untracked 
| 180|0x000000008b400000, 0x000000008b400000, 0x000000008b500000|  0%| F|  |TAMS 0x000000008b400000, 0x000000008b400000| Untracked 
| 181|0x000000008b500000, 0x000000008b500000, 0x000000008b600000|  0%| F|  |TAMS 0x000000008b500000, 0x000000008b500000| Untracked 
| 182|0x000000008b600000, 0x000000008b600000, 0x000000008b700000|  0%| F|  |TAMS 0x000000008b600000, 0x000000008b600000| Untracked 
| 183|0x000000008b700000, 0x000000008b700000, 0x000000008b800000|  0%| F|  |TAMS 0x000000008b700000, 0x000000008b700000| Untracked 
| 184|0x000000008b800000, 0x000000008b800000, 0x000000008b900000|  0%| F|  |TAMS 0x000000008b800000, 0x000000008b800000| Untracked 
| 185|0x000000008b900000, 0x000000008b900000, 0x000000008ba00000|  0%| F|  |TAMS 0x000000008b900000, 0x000000008b900000| Untracked 
| 186|0x000000008ba00000, 0x000000008ba00000, 0x000000008bb00000|  0%| F|  |TAMS 0x000000008ba00000, 0x000000008ba00000| Untracked 
| 187|0x000000008bb00000, 0x000000008bb00000, 0x000000008bc00000|  0%| F|  |TAMS 0x000000008bb00000, 0x000000008bb00000| Untracked 
| 188|0x000000008bc00000, 0x000000008bc00000, 0x000000008bd00000|  0%| F|  |TAMS 0x000000008bc00000, 0x000000008bc00000| Untracked 
| 189|0x000000008bd00000, 0x000000008bd00000, 0x000000008be00000|  0%| F|  |TAMS 0x000000008bd00000, 0x000000008bd00000| Untracked 
| 190|0x000000008be00000, 0x000000008be00000, 0x000000008bf00000|  0%| F|  |TAMS 0x000000008be00000, 0x000000008be00000| Untracked 
| 191|0x000000008bf00000, 0x000000008bf00000, 0x000000008c000000|  0%| F|  |TAMS 0x000000008bf00000, 0x000000008bf00000| Untracked 
| 192|0x000000008c000000, 0x000000008c000000, 0x000000008c100000|  0%| F|  |TAMS 0x000000008c000000, 0x000000008c000000| Untracked 
| 193|0x000000008c100000, 0x000000008c100000, 0x000000008c200000|  0%| F|  |TAMS 0x000000008c100000, 0x000000008c100000| Untracked 
| 194|0x000000008c200000, 0x000000008c200000, 0x000000008c300000|  0%| F|  |TAMS 0x000000008c200000, 0x000000008c200000| Untracked 
| 195|0x000000008c300000, 0x000000008c300000, 0x000000008c400000|  0%| F|  |TAMS 0x000000008c300000, 0x000000008c300000| Untracked 
| 196|0x000000008c400000, 0x000000008c500000, 0x000000008c500000|100%| E|  |TAMS 0x000000008c400000, 0x000000008c400000| Complete 
| 197|0x000000008c500000, 0x000000008c600000, 0x000000008c600000|100%| E|CS|TAMS 0x000000008c500000, 0x000000008c500000| Complete 
| 198|0x000000008c600000, 0x000000008c700000, 0x000000008c700000|100%| E|CS|TAMS 0x000000008c600000, 0x000000008c600000| Complete 
| 199|0x000000008c700000, 0x000000008c800000, 0x000000008c800000|100%| E|CS|TAMS 0x000000008c700000, 0x000000008c700000| Complete 
| 200|0x000000008c800000, 0x000000008c900000, 0x000000008c900000|100%| E|CS|TAMS 0x000000008c800000, 0x000000008c800000| Complete 
| 201|0x000000008c900000, 0x000000008ca00000, 0x000000008ca00000|100%| E|CS|TAMS 0x000000008c900000, 0x000000008c900000| Complete 
| 202|0x000000008ca00000, 0x000000008cb00000, 0x000000008cb00000|100%| E|CS|TAMS 0x000000008ca00000, 0x000000008ca00000| Complete 
| 203|0x000000008cb00000, 0x000000008cc00000, 0x000000008cc00000|100%| E|CS|TAMS 0x000000008cb00000, 0x000000008cb00000| Complete 
| 204|0x000000008cc00000, 0x000000008cd00000, 0x000000008cd00000|100%| E|CS|TAMS 0x000000008cc00000, 0x000000008cc00000| Complete 
| 205|0x000000008cd00000, 0x000000008ce00000, 0x000000008ce00000|100%| E|CS|TAMS 0x000000008cd00000, 0x000000008cd00000| Complete 
| 206|0x000000008ce00000, 0x000000008cf00000, 0x000000008cf00000|100%| E|CS|TAMS 0x000000008ce00000, 0x000000008ce00000| Complete 
| 207|0x000000008cf00000, 0x000000008d000000, 0x000000008d000000|100%| E|CS|TAMS 0x000000008cf00000, 0x000000008cf00000| Complete 
| 208|0x000000008d000000, 0x000000008d100000, 0x000000008d100000|100%| E|CS|TAMS 0x000000008d000000, 0x000000008d000000| Complete 
| 209|0x000000008d100000, 0x000000008d200000, 0x000000008d200000|100%| E|CS|TAMS 0x000000008d100000, 0x000000008d100000| Complete 
| 210|0x000000008d200000, 0x000000008d300000, 0x000000008d300000|100%| E|CS|TAMS 0x000000008d200000, 0x000000008d200000| Complete 
| 211|0x000000008d300000, 0x000000008d400000, 0x000000008d400000|100%| E|CS|TAMS 0x000000008d300000, 0x000000008d300000| Complete 
| 212|0x000000008d400000, 0x000000008d500000, 0x000000008d500000|100%| E|CS|TAMS 0x000000008d400000, 0x000000008d400000| Complete 
| 213|0x000000008d500000, 0x000000008d600000, 0x000000008d600000|100%| E|CS|TAMS 0x000000008d500000, 0x000000008d500000| Complete 
| 214|0x000000008d600000, 0x000000008d700000, 0x000000008d700000|100%| E|CS|TAMS 0x000000008d600000, 0x000000008d600000| Complete 
| 215|0x000000008d700000, 0x000000008d800000, 0x000000008d800000|100%| E|CS|TAMS 0x000000008d700000, 0x000000008d700000| Complete 
| 216|0x000000008d800000, 0x000000008d900000, 0x000000008d900000|100%| E|CS|TAMS 0x000000008d800000, 0x000000008d800000| Complete 
| 217|0x000000008d900000, 0x000000008da00000, 0x000000008da00000|100%| E|CS|TAMS 0x000000008d900000, 0x000000008d900000| Complete 
| 218|0x000000008da00000, 0x000000008db00000, 0x000000008db00000|100%| E|CS|TAMS 0x000000008da00000, 0x000000008da00000| Complete 
| 219|0x000000008db00000, 0x000000008dc00000, 0x000000008dc00000|100%| E|CS|TAMS 0x000000008db00000, 0x000000008db00000| Complete 
| 220|0x000000008dc00000, 0x000000008dd00000, 0x000000008dd00000|100%| E|CS|TAMS 0x000000008dc00000, 0x000000008dc00000| Complete 
| 221|0x000000008dd00000, 0x000000008de00000, 0x000000008de00000|100%| E|CS|TAMS 0x000000008dd00000, 0x000000008dd00000| Complete 
| 222|0x000000008de00000, 0x000000008df00000, 0x000000008df00000|100%| E|CS|TAMS 0x000000008de00000, 0x000000008de00000| Complete 
| 223|0x000000008df00000, 0x000000008e000000, 0x000000008e000000|100%| E|CS|TAMS 0x000000008df00000, 0x000000008df00000| Complete 
| 224|0x000000008e000000, 0x000000008e100000, 0x000000008e100000|100%| E|CS|TAMS 0x000000008e000000, 0x000000008e000000| Complete 
| 225|0x000000008e100000, 0x000000008e200000, 0x000000008e200000|100%| E|CS|TAMS 0x000000008e100000, 0x000000008e100000| Complete 
| 226|0x000000008e200000, 0x000000008e300000, 0x000000008e300000|100%| E|CS|TAMS 0x000000008e200000, 0x000000008e200000| Complete 
| 227|0x000000008e300000, 0x000000008e400000, 0x000000008e400000|100%| E|CS|TAMS 0x000000008e300000, 0x000000008e300000| Complete 
| 228|0x000000008e400000, 0x000000008e48d018, 0x000000008e500000| 55%| S|CS|TAMS 0x000000008e400000, 0x000000008e400000| Complete 
| 229|0x000000008e500000, 0x000000008e600000, 0x000000008e600000|100%| S|CS|TAMS 0x000000008e500000, 0x000000008e500000| Complete 
| 230|0x000000008e600000, 0x000000008e700000, 0x000000008e700000|100%| E|CS|TAMS 0x000000008e600000, 0x000000008e600000| Complete 
| 231|0x000000008e700000, 0x000000008e800000, 0x000000008e800000|100%| E|CS|TAMS 0x000000008e700000, 0x000000008e700000| Complete 
| 232|0x000000008e800000, 0x000000008e900000, 0x000000008e900000|100%| E|CS|TAMS 0x000000008e800000, 0x000000008e800000| Complete 
| 233|0x000000008e900000, 0x000000008ea00000, 0x000000008ea00000|100%| E|CS|TAMS 0x000000008e900000, 0x000000008e900000| Complete 
| 234|0x000000008ea00000, 0x000000008eb00000, 0x000000008eb00000|100%| E|CS|TAMS 0x000000008ea00000, 0x000000008ea00000| Complete 
| 235|0x000000008eb00000, 0x000000008ec00000, 0x000000008ec00000|100%| E|CS|TAMS 0x000000008eb00000, 0x000000008eb00000| Complete 
| 236|0x000000008ec00000, 0x000000008ed00000, 0x000000008ed00000|100%| E|CS|TAMS 0x000000008ec00000, 0x000000008ec00000| Complete 
| 237|0x000000008ed00000, 0x000000008ee00000, 0x000000008ee00000|100%| E|CS|TAMS 0x000000008ed00000, 0x000000008ed00000| Complete 
| 238|0x000000008ee00000, 0x000000008ef00000, 0x000000008ef00000|100%| E|CS|TAMS 0x000000008ee00000, 0x000000008ee00000| Complete 
| 239|0x000000008ef00000, 0x000000008f000000, 0x000000008f000000|100%| E|CS|TAMS 0x000000008ef00000, 0x000000008ef00000| Complete 
| 240|0x000000008f000000, 0x000000008f100000, 0x000000008f100000|100%| E|CS|TAMS 0x000000008f000000, 0x000000008f000000| Complete 
| 241|0x000000008f100000, 0x000000008f200000, 0x000000008f200000|100%| E|CS|TAMS 0x000000008f100000, 0x000000008f100000| Complete 
| 242|0x000000008f200000, 0x000000008f300000, 0x000000008f300000|100%| E|CS|TAMS 0x000000008f200000, 0x000000008f200000| Complete 
| 243|0x000000008f300000, 0x000000008f400000, 0x000000008f400000|100%| E|CS|TAMS 0x000000008f300000, 0x000000008f300000| Complete 
| 244|0x000000008f400000, 0x000000008f500000, 0x000000008f500000|100%| E|CS|TAMS 0x000000008f400000, 0x000000008f400000| Complete 
| 245|0x000000008f500000, 0x000000008f600000, 0x000000008f600000|100%| E|CS|TAMS 0x000000008f500000, 0x000000008f500000| Complete 
| 246|0x000000008f600000, 0x000000008f700000, 0x000000008f700000|100%| E|CS|TAMS 0x000000008f600000, 0x000000008f600000| Complete 
| 247|0x000000008f700000, 0x000000008f800000, 0x000000008f800000|100%| E|CS|TAMS 0x000000008f700000, 0x000000008f700000| Complete 
| 248|0x000000008f800000, 0x000000008f900000, 0x000000008f900000|100%| E|CS|TAMS 0x000000008f800000, 0x000000008f800000| Complete 
| 249|0x000000008f900000, 0x000000008fa00000, 0x000000008fa00000|100%| E|CS|TAMS 0x000000008f900000, 0x000000008f900000| Complete 
| 250|0x000000008fa00000, 0x000000008fb00000, 0x000000008fb00000|100%| E|CS|TAMS 0x000000008fa00000, 0x000000008fa00000| Complete 
| 251|0x000000008fb00000, 0x000000008fc00000, 0x000000008fc00000|100%| E|CS|TAMS 0x000000008fb00000, 0x000000008fb00000| Complete 
| 252|0x000000008fc00000, 0x000000008fd00000, 0x000000008fd00000|100%| E|CS|TAMS 0x000000008fc00000, 0x000000008fc00000| Complete 
| 253|0x000000008fd00000, 0x000000008fe00000, 0x000000008fe00000|100%| E|CS|TAMS 0x000000008fd00000, 0x000000008fd00000| Complete 
| 254|0x000000008fe00000, 0x000000008ff00000, 0x000000008ff00000|100%| E|CS|TAMS 0x000000008fe00000, 0x000000008fe00000| Complete 
| 255|0x000000008ff00000, 0x0000000090000000, 0x0000000090000000|100%| E|CS|TAMS 0x000000008ff00000, 0x000000008ff00000| Complete 

Card table byte_map: [0x000002392b3c0000,0x000002392b7c0000] _byte_map_base: 0x000002392afc0000

Marking Bits (Prev, Next): (CMBitMap*) 0x00000239163ec6e0, (CMBitMap*) 0x00000239163ec6a8
 Prev Bits: [0x000002392dbc0000, 0x000002392fbc0000)
 Next Bits: [0x000002392bbc0000, 0x000002392dbc0000)

Polling page: 0x0000023916250000

Metaspace:

Usage:
  Non-class:     26.14 MB capacity,    25.70 MB ( 98%) used,   403.38 KB (  2%) free+waste,    56.06 KB ( <1%) overhead. 
      Class:      4.16 MB capacity,     3.96 MB ( 95%) used,   181.59 KB (  4%) free+waste,    27.88 KB ( <1%) overhead. 
       Both:     30.31 MB capacity,    29.65 MB ( 98%) used,   584.97 KB (  2%) free+waste,    83.94 KB ( <1%) overhead. 

Virtual space:
  Non-class space:       28.00 MB reserved,      26.17 MB ( 93%) committed 
      Class space:        1.00 GB reserved,       4.25 MB ( <1%) committed 
             Both:        1.03 GB reserved,      30.42 MB (  3%) committed 

Chunk freelists:
   Non-Class:  28.00 KB
       Class:  27.00 KB
        Both:  55.00 KB

MaxMetaspaceSize: 17179869184.00 GB
CompressedClassSpaceSize: 1.00 GB

CodeHeap 'non-profiled nmethods': size=120000Kb used=1217Kb max_used=1217Kb free=118782Kb
 bounds [0x0000023923030000, 0x00000239232a0000, 0x000002392a560000]
CodeHeap 'profiled nmethods': size=120000Kb used=4758Kb max_used=4758Kb free=115241Kb
 bounds [0x000002391bb00000, 0x000002391bfb0000, 0x0000023923030000]
CodeHeap 'non-nmethods': size=5760Kb used=1152Kb max_used=1199Kb free=4607Kb
 bounds [0x000002391b560000, 0x000002391b7d0000, 0x000002391bb00000]
 total_blobs=2763 nmethods=2272 adapters=402
 compilation: enabled
              stopped_count=0, restarted_count=0
 full_count=0

Compilation events (20 events):
Event: 6.601 Thread 0x0000023932f86800 nmethod 2475 0x000002391bf90890 code [0x000002391bf90ca0, 0x000002391bf92878]
Event: 6.629 Thread 0x0000023932f86800 2476       3       java.util.concurrent.locks.AbstractQueuedSynchronizer$Node::setPrevRelaxed (9 bytes)
Event: 6.630 Thread 0x0000023932f86800 nmethod 2476 0x000002391bf93410 code [0x000002391bf93660, 0x000002391bf93e58]
Event: 6.630 Thread 0x0000023932f86800 2477       3       java.util.concurrent.locks.AbstractQueuedSynchronizer::compareAndSetTail (10 bytes)
Event: 6.630 Thread 0x0000023932f86800 nmethod 2477 0x000002391bf94110 code [0x000002391bf943a0, 0x000002391bf94e58]
Event: 6.630 Thread 0x0000023932f86800 2478       3       java.util.concurrent.locks.AbstractQueuedSynchronizer$Node::predecessor (19 bytes)
Event: 6.631 Thread 0x0000023932f86800 nmethod 2478 0x000002391bf95210 code [0x000002391bf953e0, 0x000002391bf955c8]
Event: 6.708 Thread 0x0000023932f86800 2479   !   3       java.util.concurrent.LinkedBlockingQueue::poll (128 bytes)
Event: 6.710 Thread 0x0000023932f86800 nmethod 2479 0x000002391bf95690 code [0x000002391bf95a40, 0x000002391bf972a8]
Event: 6.723 Thread 0x0000023932f86800 2481       3       org.gradle.launcher.daemon.server.exec.DaemonConnectionBackedEventConsumer$ForwardEvents::moreMessagesToSend (35 bytes)
Event: 6.723 Thread 0x0000023932f86800 nmethod 2481 0x000002391bf97f10 code [0x000002391bf980e0, 0x000002391bf98388]
Event: 6.723 Thread 0x0000023932f86800 2482   !   3       org.gradle.launcher.daemon.server.exec.DaemonConnectionBackedEventConsumer$ForwardEvents::getNextEvent (27 bytes)
Event: 6.723 Thread 0x0000023932f86800 nmethod 2482 0x000002391bf98490 code [0x000002391bf98660, 0x000002391bf988a8]
Event: 6.785 Thread 0x0000023932f35800 2483  s    4       java.io.BufferedInputStream::read (49 bytes)
Event: 6.785 Thread 0x0000023932f86800 2484       3       java.io.DataInputStream::readInt (72 bytes)
Event: 6.785 Thread 0x0000023932f86800 nmethod 2484 0x000002391bf98a10 code [0x000002391bf98c20, 0x000002391bf99188]
Event: 6.785 Thread 0x0000023932f86800 2487       3       org.codehaus.groovy.reflection.GeneratedMetaMethod$DgmMethodRecord::<init> (5 bytes)
Event: 6.786 Thread 0x0000023932f86800 nmethod 2487 0x000002391bf99390 code [0x000002391bf99540, 0x000002391bf99698]
Event: 6.788 Thread 0x0000023932f35800 nmethod 2483 0x000002392315ea90 code [0x000002392315ec40, 0x000002392315f068]
Event: 6.788 Thread 0x0000023932f35800 2485       4       java.io.DataInputStream::readUTF (501 bytes)

GC Heap History (6 events):
Event: 0.862 GC heap before
{Heap before GC invocations=0 (full 0):
 garbage-first heap   total 262144K, used 29696K [0x0000000080000000, 0x0000000100000000)
  region size 1024K, 24 young (24576K), 0 survivors (0K)
 Metaspace       used 10680K, capacity 10996K, committed 11264K, reserved 1058816K
  class space    used 1130K, capacity 1200K, committed 1280K, reserved 1048576K
}
Event: 0.868 GC heap after
{Heap after GC invocations=1 (full 0):
 garbage-first heap   total 262144K, used 8796K [0x0000000080000000, 0x0000000100000000)
  region size 1024K, 3 young (3072K), 3 survivors (3072K)
 Metaspace       used 10680K, capacity 10996K, committed 11264K, reserved 1058816K
  class space    used 1130K, capacity 1200K, committed 1280K, reserved 1048576K
}
Event: 3.305 GC heap before
{Heap before GC invocations=1 (full 0):
 garbage-first heap   total 262144K, used 92764K [0x0000000080000000, 0x0000000100000000)
  region size 1024K, 87 young (89088K), 3 survivors (3072K)
 Metaspace       used 20558K, capacity 21127K, committed 21296K, reserved 1069056K
  class space    used 2520K, capacity 2680K, committed 2688K, reserved 1048576K
}
Event: 3.315 GC heap after
{Heap after GC invocations=2 (full 0):
 garbage-first heap   total 262144K, used 15845K [0x0000000080000000, 0x0000000100000000)
  region size 1024K, 10 young (10240K), 10 survivors (10240K)
 Metaspace       used 20558K, capacity 21127K, committed 21296K, reserved 1069056K
  class space    used 2520K, capacity 2680K, committed 2688K, reserved 1048576K
}
Event: 3.814 GC heap before
{Heap before GC invocations=3 (full 0):
 garbage-first heap   total 262144K, used 42469K [0x0000000080000000, 0x0000000100000000)
  region size 1024K, 36 young (36864K), 10 survivors (10240K)
 Metaspace       used 23386K, capacity 23929K, committed 24112K, reserved 1071104K
  class space    used 2981K, capacity 3147K, committed 3200K, reserved 1048576K
}
Event: 3.822 GC heap after
{Heap after GC invocations=4 (full 0):
 garbage-first heap   total 262144K, used 17505K [0x0000000080000000, 0x0000000100000000)
  region size 1024K, 2 young (2048K), 2 survivors (2048K)
 Metaspace       used 23386K, capacity 23929K, committed 24112K, reserved 1071104K
  class space    used 2981K, capacity 3147K, committed 3200K, reserved 1048576K
}

Deoptimization events (20 events):
Event: 4.402 Thread 0x00000239354fb800 Uncommon trap: trap_request=0xffffffde fr.pc=0x00000239230d5928 relative=0x00000000000002e8
Event: 4.402 Thread 0x00000239354fb800 Uncommon trap: reason=class_check action=maybe_recompile pc=0x00000239230d5928 method=java.util.Collections$SetFromMap.remove(Ljava/lang/Object;)Z @ 5 c2
Event: 4.402 Thread 0x00000239354fb800 DEOPT PACKING pc=0x00000239230d5928 sp=0x000000e643efc7d0
Event: 4.402 Thread 0x00000239354fb800 DEOPT UNPACKING pc=0x000002391b5874af sp=0x000000e643efc7c8 mode 2
Event: 4.448 Thread 0x00000239354fb800 Uncommon trap: trap_request=0xffffff4d fr.pc=0x000002392304f894 relative=0x0000000000000454
Event: 4.448 Thread 0x00000239354fb800 Uncommon trap: reason=unstable_if action=reinterpret pc=0x000002392304f894 method=java.util.Properties$LineReader.readLine()I @ 249 c2
Event: 4.448 Thread 0x00000239354fb800 DEOPT PACKING pc=0x000002392304f894 sp=0x000000e643efbc30
Event: 4.448 Thread 0x00000239354fb800 DEOPT UNPACKING pc=0x000002391b5874af sp=0x000000e643efbbc0 mode 2
Event: 4.950 Thread 0x00000239354fb800 Uncommon trap: trap_request=0xffffff4d fr.pc=0x00000239231125cc relative=0x000000000000020c
Event: 4.950 Thread 0x00000239354fb800 Uncommon trap: reason=unstable_if action=reinterpret pc=0x00000239231125cc method=java.util.HashMap.hash(Ljava/lang/Object;)I @ 1 c2
Event: 4.950 Thread 0x00000239354fb800 DEOPT PACKING pc=0x00000239231125cc sp=0x000000e643ef8710
Event: 4.950 Thread 0x00000239354fb800 DEOPT UNPACKING pc=0x000002391b5874af sp=0x000000e643ef8648 mode 2
Event: 5.011 Thread 0x00000239354fb800 Uncommon trap: trap_request=0xffffff4d fr.pc=0x00000239230ff7ac relative=0x000000000000008c
Event: 5.011 Thread 0x00000239354fb800 Uncommon trap: reason=unstable_if action=reinterpret pc=0x00000239230ff7ac method=java.util.HashMap.hash(Ljava/lang/Object;)I @ 1 c2
Event: 5.011 Thread 0x00000239354fb800 DEOPT PACKING pc=0x00000239230ff7ac sp=0x000000e643ef8040
Event: 5.011 Thread 0x00000239354fb800 DEOPT UNPACKING pc=0x000002391b5874af sp=0x000000e643ef7fd8 mode 2
Event: 5.489 Thread 0x00000239354fb800 Uncommon trap: trap_request=0xffffff4d fr.pc=0x000002392308cc08 relative=0x0000000000000a48
Event: 5.489 Thread 0x00000239354fb800 Uncommon trap: reason=unstable_if action=reinterpret pc=0x000002392308cc08 method=java.io.WinNTFileSystem.resolve(Ljava/lang/String;Ljava/lang/String;)Ljava/lang/String; @ 83 c2
Event: 5.489 Thread 0x00000239354fb800 DEOPT PACKING pc=0x000002392308cc08 sp=0x000000e643ef9f60
Event: 5.489 Thread 0x00000239354fb800 DEOPT UNPACKING pc=0x000002391b5874af sp=0x000000e643ef9f08 mode 2

Classes redefined (0 events):
No events

Internal exceptions (20 events):
Event: 3.571 Thread 0x00000239354fb800 Exception <a 'java/lang/NoSuchMethodError'{0x000000008f135458}: 'java.lang.Object java.lang.invoke.DirectMethodHandle$Holder.invokeVirtual(java.lang.Object, java.lang.Object, java.lang.Object, java.lang.Object)'> (0x000000008f135458) thrown at [./src/hotspot/share/interpreter/linkResolver.cpp, line 773]
Event: 3.863 Thread 0x00000239354fb800 Exception <a 'java/lang/NoSuchMethodError'{0x000000008fe34250}: 'void java.lang.invoke.DirectMethodHandle$Holder.invokeSpecial(java.lang.Object, java.lang.Object, java.lang.Object, java.lang.Object, java.lang.Object, java.lang.Object)'> (0x000000008fe34250) thrown at [./src/hotspot/share/interpreter/linkResolver.cpp, line 773]
Event: 3.917 Thread 0x00000239354fb800 Exception <a 'java/lang/NoSuchMethodError'{0x000000008fc2c0d0}: 'java.lang.Object java.lang.invoke.Invokers$Holder.invoker(java.lang.Object, java.lang.Object, java.lang.Object)'> (0x000000008fc2c0d0) thrown at [./src/hotspot/share/interpreter/linkResolver.cpp, line 773]
Event: 3.946 Thread 0x00000239354fb800 Exception <a 'java/lang/NoSuchMethodError'{0x000000008fb2b260}: 'void java.lang.invoke.DirectMethodHandle$Holder.invokeSpecial(java.lang.Object, java.lang.Object, java.lang.Object, java.lang.Object, java.lang.Object, java.lang.Object, java.lang.Object)'> (0x000000008fb2b260) thrown at [./src/hotspot/share/interpreter/linkResolver.cpp, line 773]
Event: 3.947 Thread 0x00000239354fb800 Exception <a 'java/lang/NoSuchMethodError'{0x000000008fb334a8}: 'java.lang.Object java.lang.invoke.Invokers$Holder.linkToTargetMethod(java.lang.Object, java.lang.Object, java.lang.Object, java.lang.Object, java.lang.Object, java.lang.Object)'> (0x000000008fb334a8) thrown at [./src/hotspot/share/interpreter/linkResolver.cpp, line 773]
Event: 3.968 Thread 0x00000239354fb800 Exception <a 'java/lang/NoSuchMethodError'{0x000000008fa55ee8}: 'java.lang.Object java.lang.invoke.DirectMethodHandle$Holder.invokeVirtual(java.lang.Object, java.lang.Object, java.lang.Object, java.lang.Object, java.lang.Object, java.lang.Object, java.lang.Object, java.lang.Object, java.lang.Object, java.lang.Object, java.lang.Object, java.lang.Object, java.lang.Object, java.lang.Object, java.lang.Object, java.lang.Object, java.lang.Object)'> (0x000000008fa55ee8) thrown at [./src/hotspot/share/interpreter/
Event: 3.977 Thread 0x00000239354fb800 Exception <a 'java/lang/NoSuchMethodError'{0x000000008fa88800}: 'java.lang.Object java.lang.invoke.DirectMethodHandle$Holder.invokeSpecial(java.lang.Object, java.lang.Object, java.lang.Object, java.lang.Object, java.lang.Object, java.lang.Object, java.lang.Object, java.lang.Object, java.lang.Object)'> (0x000000008fa88800) thrown at [./src/hotspot/share/interpreter/linkResolver.cpp, line 773]
Event: 4.397 Thread 0x00000239354fb800 Exception <a 'java/lang/NoSuchMethodError'{0x000000008f1e99f8}: 'java.lang.Object java.lang.invoke.DirectMethodHandle$Holder.invokeStatic(java.lang.Object, java.lang.Object, java.lang.Object, int, java.lang.Object, java.lang.Object)'> (0x000000008f1e99f8) thrown at [./src/hotspot/share/interpreter/linkResolver.cpp, line 773]
Event: 4.398 Thread 0x00000239354fb800 Exception <a 'java/lang/NoSuchMethodError'{0x000000008f1f0d60}: 'java.lang.Object java.lang.invoke.Invokers$Holder.linkToTargetMethod(java.lang.Object, java.lang.Object, int, java.lang.Object, java.lang.Object, java.lang.Object)'> (0x000000008f1f0d60) thrown at [./src/hotspot/share/interpreter/linkResolver.cpp, line 773]
Event: 4.434 Thread 0x00000239354fb800 Exception <a 'java/lang/NoSuchMethodError'{0x000000008ef64498}: 'void java.lang.invoke.DirectMethodHandle$Holder.invokeSpecial(java.lang.Object, java.lang.Object, java.lang.Object, java.lang.Object)'> (0x000000008ef64498) thrown at [./src/hotspot/share/interpreter/linkResolver.cpp, line 773]
Event: 4.950 Thread 0x00000239354fb800 Implicit null exception at 0x00000239231123f5 to 0x00000239231125bc
Event: 5.011 Thread 0x00000239354fb800 Implicit null exception at 0x00000239230ff72f to 0x00000239230ff79d
Event: 5.229 Thread 0x00000239354fb800 Exception <a 'java/lang/NoSuchMethodError'{0x000000008e3cee78}: 'java.lang.Object java.lang.invoke.DirectMethodHandle$Holder.invokeSpecialIFC(java.lang.Object, java.lang.Object, java.lang.Object, java.lang.Object)'> (0x000000008e3cee78) thrown at [./src/hotspot/share/interpreter/linkResolver.cpp, line 773]
Event: 5.256 Thread 0x00000239354fb800 Exception <a 'java/lang/NoSuchMethodError'{0x000000008e2995d0}: 'java.lang.Object java.lang.invoke.DirectMethodHandle$Holder.invokeSpecial(java.lang.Object, java.lang.Object, java.lang.Object, java.lang.Object, java.lang.Object, java.lang.Object, java.lang.Object, java.lang.Object, java.lang.Object, java.lang.Object, java.lang.Object, java.lang.Object, java.lang.Object)'> (0x000000008e2995d0) thrown at [./src/hotspot/share/interpreter/linkResolver.cpp, line 773]
Event: 5.257 Thread 0x00000239354fb800 Exception <a 'java/lang/NoSuchMethodError'{0x000000008e2aa858}: 'java.lang.Object java.lang.invoke.DirectMethodHandle$Holder.invokeSpecial(java.lang.Object, java.lang.Object, java.lang.Object, java.lang.Object, java.lang.Object, java.lang.Object, java.lang.Object, java.lang.Object, java.lang.Object, java.lang.Object, java.lang.Object, java.lang.Object)'> (0x000000008e2aa858) thrown at [./src/hotspot/share/interpreter/linkResolver.cpp, line 773]
Event: 5.258 Thread 0x00000239354fb800 Exception <a 'java/lang/NoSuchMethodError'{0x000000008e2af980}: 'java.lang.Object java.lang.invoke.Invokers$Holder.linkToTargetMethod(java.lang.Object, java.lang.Object, java.lang.Object, java.lang.Object, java.lang.Object, java.lang.Object, java.lang.Object, java.lang.Object, java.lang.Object, java.lang.Object, java.lang.Object)'> (0x000000008e2af980) thrown at [./src/hotspot/share/interpreter/linkResolver.cpp, line 773]
Event: 5.333 Thread 0x00000239354fb800 Exception <a 'java/lang/NoSuchMethodError'{0x000000008e1bd5d8}: 'java.lang.Object java.lang.invoke.DirectMethodHandle$Holder.invokeSpecial(java.lang.Object, java.lang.Object, java.lang.Object, java.lang.Object, java.lang.Object, java.lang.Object, java.lang.Object, java.lang.Object, java.lang.Object, java.lang.Object, java.lang.Object, java.lang.Object, java.lang.Object, java.lang.Object)'> (0x000000008e1bd5d8) thrown at [./src/hotspot/share/interpreter/linkResolver.cpp, line 773]
Event: 5.334 Thread 0x00000239354fb800 Exception <a 'java/lang/NoSuchMethodError'{0x000000008e1cebd0}: 'java.lang.Object java.lang.invoke.Invokers$Holder.linkToTargetMethod(java.lang.Object, java.lang.Object, java.lang.Object, java.lang.Object, java.lang.Object, java.lang.Object, java.lang.Object, java.lang.Object, java.lang.Object, java.lang.Object, java.lang.Object, java.lang.Object)'> (0x000000008e1cebd0) thrown at [./src/hotspot/share/interpreter/linkResolver.cpp, line 773]
Event: 5.357 Thread 0x00000239354fb800 Exception <a 'java/lang/NoSuchMethodError'{0x000000008e04c5c0}: 'java.lang.Object java.lang.invoke.DirectMethodHandle$Holder.invokeStaticInit(java.lang.Object, java.lang.Object, java.lang.Object, java.lang.Object)'> (0x000000008e04c5c0) thrown at [./src/hotspot/share/interpreter/linkResolver.cpp, line 773]
Event: 6.264 Thread 0x00000239354fb800 Exception <a 'java/lang/NoSuchMethodError'{0x000000008cbc0cd8}: 'void java.lang.invoke.DirectMethodHandle$Holder.invokeStaticInit(java.lang.Object, java.lang.Object)'> (0x000000008cbc0cd8) thrown at [./src/hotspot/share/interpreter/linkResolver.cpp, line 773]

Events (20 events):
Event: 6.783 loading class java/lang/Process
Event: 6.783 loading class java/lang/Process done
Event: 6.783 loading class groovy/io/FileType
Event: 6.783 loading class groovy/io/FileType done
Event: 6.784 loading class groovy/lang/GString
Event: 6.784 loading class groovy/lang/GString done
Event: 6.784 loading class groovy/lang/Buildable
Event: 6.784 loading class groovy/lang/Buildable done
Event: 6.788 loading class org/codehaus/groovy/reflection/ReflectionCache
Event: 6.788 loading class org/codehaus/groovy/reflection/ReflectionCache done
Event: 6.789 loading class org/codehaus/groovy/util/TripleKeyHashMap
Event: 6.789 loading class org/codehaus/groovy/util/TripleKeyHashMap done
Event: 6.789 loading class org/codehaus/groovy/util/ComplexKeyHashMap$EntryIterator
Event: 6.789 loading class org/codehaus/groovy/util/ComplexKeyHashMap$EntryIterator done
Event: 6.789 loading class org/codehaus/groovy/util/ComplexKeyHashMap$Entry
Event: 6.789 loading class org/codehaus/groovy/util/ComplexKeyHashMap$Entry done
Event: 6.790 loading class org/codehaus/groovy/reflection/GroovyClassValue$ComputeValue
Event: 6.790 loading class org/codehaus/groovy/reflection/GroovyClassValue$ComputeValue done
Event: 6.790 loading class org/codehaus/groovy/reflection/stdclasses/ObjectCachedClass
Event: 6.790 loading class org/codehaus/groovy/reflection/stdclasses/ObjectCachedClass done


Dynamic libraries:
0x00007ff784bd0000 - 0x00007ff784bda000 	C:\Program Files\Android\Android Studio\jre\bin\java.exe
0x00007ffee48b0000 - 0x00007ffee4aa5000 	C:\Windows\SYSTEM32\ntdll.dll
0x00007ffee2b50000 - 0x00007ffee2c0e000 	C:\Windows\System32\KERNEL32.DLL
0x00007ffee2590000 - 0x00007ffee2858000 	C:\Windows\System32\KERNELBASE.dll
0x00007ffee2350000 - 0x00007ffee2450000 	C:\Windows\System32\ucrtbase.dll
0x00007ffea8e40000 - 0x00007ffea8e57000 	C:\Program Files\Android\Android Studio\jre\bin\VCRUNTIME140.dll
0x00007ffea8150000 - 0x00007ffea8169000 	C:\Program Files\Android\Android Studio\jre\bin\jli.dll
0x00007ffee42c0000 - 0x00007ffee4461000 	C:\Windows\System32\USER32.dll
0x00007ffee20b0000 - 0x00007ffee20d2000 	C:\Windows\System32\win32u.dll
0x00007ffed0450000 - 0x00007ffed06ea000 	C:\Windows\WinSxS\amd64_microsoft.windows.common-controls_6595b64144ccf1df_6.0.19041.1110_none_60b5254171f9507e\COMCTL32.dll
0x00007ffee2fc0000 - 0x00007ffee305e000 	C:\Windows\System32\msvcrt.dll
0x00007ffee2f70000 - 0x00007ffee2f9b000 	C:\Windows\System32\GDI32.dll
0x00007ffee20e0000 - 0x00007ffee21eb000 	C:\Windows\System32\gdi32full.dll
0x00007ffee2860000 - 0x00007ffee28fd000 	C:\Windows\System32\msvcp_win.dll
0x00007ffee4470000 - 0x00007ffee44a0000 	C:\Windows\System32\IMM32.DLL
0x00007ffea80b0000 - 0x00007ffea814d000 	C:\Program Files\Android\Android Studio\jre\bin\msvcp140.dll
0x00007ffe93f30000 - 0x00007ffe949ec000 	C:\Program Files\Android\Android Studio\jre\bin\server\jvm.dll
0x00007ffee3800000 - 0x00007ffee38ac000 	C:\Windows\System32\ADVAPI32.dll
0x00007ffee2ab0000 - 0x00007ffee2b4b000 	C:\Windows\System32\sechost.dll
0x00007ffee4640000 - 0x00007ffee476a000 	C:\Windows\System32\RPCRT4.dll
0x00007ffee2fa0000 - 0x00007ffee2fa8000 	C:\Windows\System32\PSAPI.DLL
0x00007ffedd710000 - 0x00007ffedd719000 	C:\Windows\SYSTEM32\WSOCK32.dll
0x00007ffed0b40000 - 0x00007ffed0b67000 	C:\Windows\SYSTEM32\WINMM.dll
0x00007ffee44a0000 - 0x00007ffee450b000 	C:\Windows\System32\WS2_32.dll
0x00007ffedc300000 - 0x00007ffedc30a000 	C:\Windows\SYSTEM32\VERSION.dll
0x00007ffee00b0000 - 0x00007ffee00c2000 	C:\Windows\SYSTEM32\kernel.appcore.dll
0x00007ffedc850000 - 0x00007ffedc861000 	C:\Program Files\Android\Android Studio\jre\bin\verify.dll
0x00007ffedf8f0000 - 0x00007ffedfad4000 	C:\Windows\SYSTEM32\DBGHELP.DLL
0x00007ffecce20000 - 0x00007ffecce4c000 	C:\Windows\SYSTEM32\dbgcore.DLL
0x00007ffee2500000 - 0x00007ffee2583000 	C:\Windows\System32\bcryptPrimitives.dll
0x00007ffebb510000 - 0x00007ffebb539000 	C:\Program Files\Android\Android Studio\jre\bin\java.dll
0x00007ffedd620000 - 0x00007ffedd62b000 	C:\Program Files\Android\Android Studio\jre\bin\jimage.dll
0x00007ffeb4cf0000 - 0x00007ffeb4d08000 	C:\Program Files\Android\Android Studio\jre\bin\zip.dll
0x00007ffee3a60000 - 0x00007ffee419f000 	C:\Windows\System32\SHELL32.dll
0x00007ffee00d0000 - 0x00007ffee0860000 	C:\Windows\SYSTEM32\windows.storage.dll
0x00007ffee2c10000 - 0x00007ffee2f65000 	C:\Windows\System32\combase.dll
0x00007ffee1950000 - 0x00007ffee197e000 	C:\Windows\SYSTEM32\Wldp.dll
0x00007ffee3690000 - 0x00007ffee373d000 	C:\Windows\System32\SHCORE.dll
0x00007ffee37a0000 - 0x00007ffee37f5000 	C:\Windows\System32\shlwapi.dll
0x00007ffee1f10000 - 0x00007ffee1f2f000 	C:\Windows\SYSTEM32\profapi.dll
0x00007ffeb2140000 - 0x00007ffeb215a000 	C:\Program Files\Android\Android Studio\jre\bin\net.dll
0x00007ffed8410000 - 0x00007ffed851c000 	C:\Windows\SYSTEM32\WINHTTP.dll
0x00007ffee16b0000 - 0x00007ffee171a000 	C:\Windows\system32\mswsock.dll
0x00007ffeb2120000 - 0x00007ffeb2134000 	C:\Program Files\Android\Android Studio\jre\bin\nio.dll
0x00007ffea8730000 - 0x00007ffea8757000 	C:\Users\kosmo\.gradle\native\fdc75f09e3144964f2cf3f50f0aa648679c211496f362492102eb8c894070792\windows-amd64\native-platform.dll
0x00007ffea37c0000 - 0x00007ffea3956000 	C:\Users\kosmo\.gradle\native\12488b8bf47d2d4c9fbf2f6322a914ad602e24e48041cd04a747c6da556b65c4\windows-amd64\native-platform-file-events.dll
0x00007ffedb790000 - 0x00007ffedb79a000 	C:\Program Files\Android\Android Studio\jre\bin\management.dll
0x00007ffedac20000 - 0x00007ffedac2c000 	C:\Program Files\Android\Android Studio\jre\bin\management_ext.dll
0x00007ffee18a0000 - 0x00007ffee18b8000 	C:\Windows\SYSTEM32\CRYPTSP.dll
0x00007ffee1030000 - 0x00007ffee1064000 	C:\Windows\system32\rsaenh.dll
0x00007ffee1fd0000 - 0x00007ffee1ff7000 	C:\Windows\System32\bcrypt.dll
0x00007ffee1ed0000 - 0x00007ffee1efe000 	C:\Windows\SYSTEM32\USERENV.dll
0x00007ffee18c0000 - 0x00007ffee18cc000 	C:\Windows\SYSTEM32\CRYPTBASE.dll
0x00007ffee13a0000 - 0x00007ffee13db000 	C:\Windows\SYSTEM32\IPHLPAPI.DLL
0x00007ffee4200000 - 0x00007ffee4208000 	C:\Windows\System32\NSI.dll
0x00007ffedaeb0000 - 0x00007ffedaec7000 	C:\Windows\SYSTEM32\dhcpcsvc6.DLL
0x00007ffedb7a0000 - 0x00007ffedb7bd000 	C:\Windows\SYSTEM32\dhcpcsvc.DLL
0x00007ffee13e0000 - 0x00007ffee14ab000 	C:\Windows\SYSTEM32\DNSAPI.dll
0x00007ffedc2f0000 - 0x00007ffedc2fb000 	C:\Windows\SYSTEM32\WINNSI.DLL

dbghelp: loaded successfully - version: 4.0.5 - missing functions: none
symbol engine: initialized successfully - sym options: 0x614 - pdb path: .;C:\Program Files\Android\Android Studio\jre\bin;C:\Windows\SYSTEM32;C:\Windows\WinSxS\amd64_microsoft.windows.common-controls_6595b64144ccf1df_6.0.19041.1110_none_60b5254171f9507e;C:\Program Files\Android\Android Studio\jre\bin\server;C:\Users\kosmo\.gradle\native\fdc75f09e3144964f2cf3f50f0aa648679c211496f362492102eb8c894070792\windows-amd64;C:\Users\kosmo\.gradle\native\12488b8bf47d2d4c9fbf2f6322a914ad602e24e48041cd04a747c6da556b65c4\windows-amd64

VM Arguments:
jvm_args: --add-opens=java.base/java.util=ALL-UNNAMED --add-opens=java.base/java.lang=ALL-UNNAMED --add-opens=java.base/java.lang.invoke=ALL-UNNAMED --add-opens=java.prefs/java.util.prefs=ALL-UNNAMED -Xmx2048m -Dfile.encoding=UTF-8 -Duser.country=RU -Duser.language=ru -Duser.variant 
java_command: org.gradle.launcher.daemon.bootstrap.GradleDaemon 6.7.1
java_class_path (initial): C:\Users\kosmo\.gradle\wrapper\dists\gradle-6.7.1-bin\bwlcbys1h7rz3272sye1xwiv6\gradle-6.7.1\lib\gradle-launcher-6.7.1.jar
Launcher Type: SUN_STANDARD

[Global flags]
     intx CICompilerCount                          = 4                                         {product} {ergonomic}
     uint ConcGCThreads                            = 2                                         {product} {ergonomic}
     uint G1ConcRefinementThreads                  = 8                                         {product} {ergonomic}
   size_t G1HeapRegionSize                         = 1048576                                   {product} {ergonomic}
    uintx GCDrainStackTargetSize                   = 64                                        {product} {ergonomic}
   size_t InitialHeapSize                          = 268435456                                 {product} {ergonomic}
   size_t MarkStackSize                            = 4194304                                   {product} {ergonomic}
   size_t MaxHeapSize                              = 2147483648                                {product} {command line}
   size_t MaxNewSize                               = 1287651328                                {product} {ergonomic}
   size_t MinHeapDeltaBytes                        = 1048576                                   {product} {ergonomic}
    uintx NonNMethodCodeHeapSize                   = 5836300                                {pd product} {ergonomic}
    uintx NonProfiledCodeHeapSize                  = 122910970                              {pd product} {ergonomic}
    uintx ProfiledCodeHeapSize                     = 122910970                              {pd product} {ergonomic}
    uintx ReservedCodeCacheSize                    = 251658240                              {pd product} {ergonomic}
     bool SegmentedCodeCache                       = true                                      {product} {ergonomic}
     bool UseCompressedClassPointers               = true                                 {lp64_product} {ergonomic}
     bool UseCompressedOops                        = true                                 {lp64_product} {ergonomic}
     bool UseG1GC                                  = true                                      {product} {ergonomic}
     bool UseLargePagesIndividualAllocation        = false                                  {pd product} {ergonomic}

Logging:
Log output configuration:
 #0: stdout all=warning uptime,level,tags
 #1: stderr all=off uptime,level,tags

Environment Variables:
PATH=C:\Program Files\NVIDIA GPU Computing Toolkit\CUDA\v11.4\bin;C:\Program Files\NVIDIA GPU Computing Toolkit\CUDA\v11.4\libnvvp;C:\Program Files\Common Files\Oracle\Java\javapath;C:\Program Files (x86)\Common Files\Oracle\Java\javapath;C:\Program Files (x86)\Razer Chroma SDK\bin;C:\Program Files\Razer Chroma SDK\bin;C:\Program Files (x86)\Razer\ChromaBroadcast\bin;C:\Program Files\Razer\ChromaBroadcast\bin;C:\Windows\system32;C:\Windows;C:\Windows\System32\Wbem;C:\Windows\System32\WindowsPowerShell\v1.0\;C:\Windows\System32\OpenSSH\;C:\Program Files (x86)\NVIDIA Corporation\PhysX\Common;C:\Program Files\NVIDIA Corporation\NVIDIA NvDLISR;C:\Users\kosmo\AppData\Local\Microsoft\WindowsApps;D:\PyCharm 2020.3\bin;C:\Windows\system32\config\systemprofile\AppData\Local\Microsoft\WindowsApps;C:\Program Files\Microsoft SQL Server\Client SDK\ODBC\170\Tools\Binn\;C:\Program Files (x86)\Microsoft SQL Server\150\Tools\Binn\;C:\Program Files\Microsoft SQL Server\150\Tools\Binn\;C:\Program Files\Microsoft SQL Server\150\DTS\Binn\;C:\Program Files\Azure Data Studio\bin;C:\mc\bin;C:\Program Files\Polyspace\R2020b\bin;C:\Program Files\nodejs\;C:\Program Files (x86)\Calibre2\;C:\Program Files (x86)\sbt\bin;C:\Program Files\NVIDIA Corporation\Nsight Compute 2021.2.2\;C:\Program Files\CMake\bin;C:\Program Files\Git\cmd;C:\Users\kosmo\AppData\Local\Microsoft\WindowsApps;D:\PyCharm 2020.3\bin;;C:\Program Files\Azure Data Studio\bin;C:\Users\kosmo\AppData\Local\GitHubDesktop\bin;C:\Users\kosmo\AppData\Roaming\npm;D:\Microsoft VS Code\bin
USERNAME=kosmo
OS=Windows_NT
PROCESSOR_IDENTIFIER=Intel64 Family 6 Model 142 Stepping 10, GenuineIntel



---------------  S Y S T E M  ---------------

OS: Windows 10 , 64 bit Build 19041 (10.0.19041.1348)
OS uptime: 5 days 0:42 hours

CPU:total 8 (initial active 8) (4 cores per cpu, 2 threads per core) family 6 model 142 stepping 10, cmov, cx8, fxsr, mmx, sse, sse2, sse3, ssse3, sse4.1, sse4.2, popcnt, avx, avx2, aes, clmul, erms, 3dnowpref, lzcnt, ht, tsc, tscinvbit, bmi1, bmi2, adx, fma

Memory: 4k page, system-wide physical 16262M (3960M free)
TotalPageFile size 20274M (AvailPageFile size 2M)
current process WorkingSet (physical memory assigned to process): 226M, peak: 249M
current process commit charge ("private bytes"): 409M, peak: 437M

vm_info: OpenJDK 64-Bit Server VM (11.0.8+10-b944.6842174) for windows-amd64 JRE (11.0.8+10-b944.6842174), built on Sep 19 2020 01:11:42 by "builder" with MS VC++ 14.0 (VS2015)

END.
